[GIN-debug] [WARNING] Running in "debug" mode. Switch to "release" mode in production.
 - using env:	export GIN_MODE=release
 - using code:	gin.SetMode(gin.ReleaseMode)

[GIN-debug] GET    /shipping/api/swagger/*any --> github.com/swaggo/gin-swagger.CustomWrapHandler.func1 (3 handlers)
[GIN-debug] GET    /shipping/api/            --> github.com/cdp-team3/shipping-address-service/app/handlers.HealthCheckHandler.HealthCheck-fm (3 handlers)
[GIN-debug] GET    /shipping/api/shippingaddress/:id --> github.com/cdp-team3/shipping-address-service/app/handlers.ShippingHandler.GetShippingAddress-fm (3 handlers)
[GIN-debug] POST   /shipping/api/shippingaddress --> github.com/cdp-team3/shipping-address-service/app/handlers.ShippingHandler.AddNewShippingAddress-fm (3 handlers)
[GIN-debug] [WARNING] You trusted all proxies, this is NOT safe. We recommend you to set a value.
Please check https://pkg.go.dev/github.com/gin-gonic/gin#readme-don-t-trust-all-proxies for details.
[GIN-debug] Listening and serving HTTP on :3003
GET - [404] ::1 HTTP/1.1 PostmanRuntime/7.29.0 /shipping-address/api/ 2022-04-17T20:58:25+05:30 0s 
GET - [200] ::1 HTTP/1.1 PostmanRuntime/7.29.0 /shipping/api/ 2022-04-17T20:58:50+05:30 1.1196776s 
GET - [404] ::1 HTTP/1.1 PostmanRuntime/7.29.0 /shipping/api/shippingaddress 2022-04-17T21:00:09+05:30 0s 
POST - [400] ::1 HTTP/1.1 PostmanRuntime/7.29.0 /shipping/api/shippingaddress 2022-04-17T21:00:14+05:30 6.4798ms Error #01: json: cannot unmarshal object into Go struct field ShippingAddress.city of type string

[GIN-debug] [WARNING] Running in "debug" mode. Switch to "release" mode in production.
 - using env:	export GIN_MODE=release
 - using code:	gin.SetMode(gin.ReleaseMode)

[GIN-debug] GET    /shipping/api/swagger/*any --> github.com/swaggo/gin-swagger.CustomWrapHandler.func1 (3 handlers)
[GIN-debug] GET    /shipping/api/            --> github.com/cdp-team3/shipping-address-service/app/handlers.HealthCheckHandler.HealthCheck-fm (3 handlers)
[GIN-debug] GET    /shipping/api/shippingaddress/:id --> github.com/cdp-team3/shipping-address-service/app/handlers.ShippingHandler.GetShippingAddress-fm (3 handlers)
[GIN-debug] POST   /shipping/api/shippingaddress --> github.com/cdp-team3/shipping-address-service/app/handlers.ShippingHandler.AddNewShippingAddress-fm (3 handlers)
[GIN-debug] [WARNING] You trusted all proxies, this is NOT safe. We recommend you to set a value.
Please check https://pkg.go.dev/github.com/gin-gonic/gin#readme-don-t-trust-all-proxies for details.
[GIN-debug] Listening and serving HTTP on :3003
POST - [400] ::1 HTTP/1.1 PostmanRuntime/7.29.0 /shipping/api/shippingaddress 2022-04-17T21:03:43+05:30 17.8142ms Error #01: json: cannot unmarshal object into Go struct field ShippingAddress.city of type string

POST - [400] ::1 HTTP/1.1 PostmanRuntime/7.29.0 /shipping/api/shippingaddress 2022-04-17T21:04:19+05:30 2.1373ms Error #01: json: cannot unmarshal object into Go struct field ShippingAddress.firstname of type string

[GIN-debug] [WARNING] Running in "debug" mode. Switch to "release" mode in production.
 - using env:	export GIN_MODE=release
 - using code:	gin.SetMode(gin.ReleaseMode)

[GIN-debug] GET    /shipping/api/swagger/*any --> github.com/swaggo/gin-swagger.CustomWrapHandler.func1 (3 handlers)
[GIN-debug] GET    /shipping/api/            --> github.com/cdp-team3/shipping-address-service/app/handlers.HealthCheckHandler.HealthCheck-fm (3 handlers)
[GIN-debug] GET    /shipping/api/shippingaddress/:id --> github.com/cdp-team3/shipping-address-service/app/handlers.ShippingHandler.GetShippingAddress-fm (3 handlers)
[GIN-debug] POST   /shipping/api/shippingaddress --> github.com/cdp-team3/shipping-address-service/app/handlers.ShippingHandler.AddNewShippingAddress-fm (3 handlers)
[GIN-debug] [WARNING] You trusted all proxies, this is NOT safe. We recommend you to set a value.
Please check https://pkg.go.dev/github.com/gin-gonic/gin#readme-don-t-trust-all-proxies for details.
[GIN-debug] Listening and serving HTTP on :3003
POST - [400] ::1 HTTP/1.1 PostmanRuntime/7.29.0 /shipping/api/shippingaddress 2022-04-17T21:09:51+05:30 12.1714ms Error #01: json: cannot unmarshal string into Go struct field ShippingAddress.postcode of type int

POST - [200] ::1 HTTP/1.1 PostmanRuntime/7.29.0 /shipping/api/shippingaddress 2022-04-17T21:10:09+05:30 289.9419ms 
GET - [200] ::1 HTTP/1.1 PostmanRuntime/7.29.0 /shipping/api/shippingaddress/f93821d3-3e98-46b5-9810-0aa0c034105c 2022-04-17T21:10:54+05:30 247.2076ms 
[GIN-debug] [WARNING] Running in "debug" mode. Switch to "release" mode in production.
 - using env:	export GIN_MODE=release
 - using code:	gin.SetMode(gin.ReleaseMode)

[GIN-debug] GET    /shipping/api/swagger/*any --> github.com/swaggo/gin-swagger.CustomWrapHandler.func1 (3 handlers)
[GIN-debug] GET    /shipping/api/            --> github.com/cdp-team3/shipping-address-service/app/handlers.HealthCheckHandler.HealthCheck-fm (3 handlers)
[GIN-debug] GET    /shipping/api/shippingaddress/:id --> github.com/cdp-team3/shipping-address-service/app/handlers.ShippingHandler.GetShippingAddress-fm (3 handlers)
[GIN-debug] POST   /shipping/api/shippingaddress --> github.com/cdp-team3/shipping-address-service/app/handlers.ShippingHandler.AddNewShippingAddress-fm (3 handlers)
[GIN-debug] PUT    /shipping/api/shippingaddress/:id --> github.com/cdp-team3/shipping-address-service/app/handlers.ShippingHandler.HandleUpdateShippingAddressByID.func1 (3 handlers)
[GIN-debug] DELETE /shipping/api/shippingaddress/:id --> github.com/cdp-team3/shipping-address-service/app/handlers.ShippingHandler.HandleDeleteShippingAddressById.func1 (3 handlers)
[GIN-debug] [WARNING] You trusted all proxies, this is NOT safe. We recommend you to set a value.
Please check https://pkg.go.dev/github.com/gin-gonic/gin#readme-don-t-trust-all-proxies for details.
[GIN-debug] Listening and serving HTTP on :3003
GET - [500] ::1 HTTP/1.1 PostmanRuntime/7.29.0 /shipping/api/shippingaddress/f93821d3-3e98-46b5-9810-0aa0c034105c 2022-04-17T21:35:52+05:30 307.674ms 
POST - [200] ::1 HTTP/1.1 PostmanRuntime/7.29.0 /shipping/api/shippingaddress 2022-04-17T21:35:56+05:30 270.6149ms 
GET - [200] ::1 HTTP/1.1 PostmanRuntime/7.29.0 /shipping/api/shippingaddress/6410c2b3-39c4-4f40-964f-7dafc4e8e864 2022-04-17T21:36:13+05:30 270.5908ms 
PUT - [202] ::1 HTTP/1.1 PostmanRuntime/7.29.0 /shipping/api/shippingaddress/6410c2b3-39c4-4f40-964f-7dafc4e8e864 2022-04-17T21:36:56+05:30 267.0925ms 
GET - [200] ::1 HTTP/1.1 PostmanRuntime/7.29.0 /shipping/api/shippingaddress/6410c2b3-39c4-4f40-964f-7dafc4e8e864 2022-04-17T21:37:00+05:30 266.0192ms Error #01: unmarshal map - parsing time "2022-04-17 21:36:55.7687293 +0530 IST m=+76.128213501" as "2006-01-02T15:04:05Z07:00": cannot parse " 21:36:55.7687293 +0530 IST m=+76.128213501" as "T"

DELETE - [202] ::1 HTTP/1.1 PostmanRuntime/7.29.0 /shipping/api/shippingaddress/f93821d3-3e98-46b5-9810-0aa0c034105c 2022-04-17T21:37:25+05:30 279.6816ms 
GET - [200] ::1 HTTP/1.1 PostmanRuntime/7.29.0 /shipping/api/shippingaddress/6410c2b3-39c4-4f40-964f-7dafc4e8e864 2022-04-17T21:37:29+05:30 260.9488ms Error #01: unmarshal map - parsing time "2022-04-17 21:36:55.7687293 +0530 IST m=+76.128213501" as "2006-01-02T15:04:05Z07:00": cannot parse " 21:36:55.7687293 +0530 IST m=+76.128213501" as "T"

POST - [200] ::1 HTTP/1.1 PostmanRuntime/7.29.0 /shipping/api/shippingaddress 2022-04-17T21:37:39+05:30 280.2798ms 
PUT - [202] ::1 HTTP/1.1 PostmanRuntime/7.29.0 /shipping/api/shippingaddress/6410c2b3-39c4-4f40-964f-7dafc4e8e864 2022-04-17T21:37:44+05:30 264.2314ms 
GET - [200] ::1 HTTP/1.1 PostmanRuntime/7.29.0 /shipping/api/shippingaddress/6410c2b3-39c4-4f40-964f-7dafc4e8e864 2022-04-17T21:37:47+05:30 255.601ms Error #01: unmarshal map - parsing time "2022-04-17 21:37:44.2957255 +0530 IST m=+124.655209701" as "2006-01-02T15:04:05Z07:00": cannot parse " 21:37:44.2957255 +0530 IST m=+124.655209701" as "T"

GET - [200] ::1 HTTP/1.1 PostmanRuntime/7.29.0 /shipping/api/shippingaddress/5ce6b6fc-3bc9-43d2-b60c-a85df48a26b6 2022-04-17T21:51:58+05:30 1.1813402s Error #01: unable to get the item - ResourceNotFoundException: Requested resource not found

[GIN-debug] [WARNING] Running in "debug" mode. Switch to "release" mode in production.
 - using env:	export GIN_MODE=release
 - using code:	gin.SetMode(gin.ReleaseMode)

[GIN-debug] GET    /shipping/api/swagger/*any --> github.com/swaggo/gin-swagger.CustomWrapHandler.func1 (3 handlers)
[GIN-debug] GET    /shipping/api/            --> github.com/cdp-team3/shipping-address-service/app/handlers.HealthCheckHandler.HealthCheck-fm (3 handlers)
[GIN-debug] GET    /shipping/api/shippingaddress/:id --> github.com/cdp-team3/shipping-address-service/app/handlers.ShippingHandler.GetShippingAddress-fm (3 handlers)
[GIN-debug] POST   /shipping/api/shippingaddress --> github.com/cdp-team3/shipping-address-service/app/handlers.ShippingHandler.AddNewShippingAddress-fm (3 handlers)
[GIN-debug] PUT    /shipping/api/shippingaddress/:id --> github.com/cdp-team3/shipping-address-service/app/handlers.ShippingHandler.HandleUpdateShippingAddressByID.func1 (3 handlers)
[GIN-debug] DELETE /shipping/api/shippingaddress/:id --> github.com/cdp-team3/shipping-address-service/app/handlers.ShippingHandler.HandleDeleteShippingAddressById.func1 (3 handlers)
[GIN-debug] [WARNING] You trusted all proxies, this is NOT safe. We recommend you to set a value.
Please check https://pkg.go.dev/github.com/gin-gonic/gin#readme-don-t-trust-all-proxies for details.
[GIN-debug] Listening and serving HTTP on :3003
POST - [200] ::1 HTTP/1.1 PostmanRuntime/7.29.0 /shipping/api/shippingaddress 2022-04-17T21:52:52+05:30 286.1956ms 
GET - [500] ::1 HTTP/1.1 PostmanRuntime/7.29.0 /shipping/api/shippingaddress/5ce6b6fc-3bc9-43d2-b60c-a85df48a26b6 2022-04-17T21:53:30+05:30 341.6548ms 
[GIN-debug] [WARNING] Running in "debug" mode. Switch to "release" mode in production.
 - using env:	export GIN_MODE=release
 - using code:	gin.SetMode(gin.ReleaseMode)

[GIN-debug] GET    /shipping/api/swagger/*any --> github.com/swaggo/gin-swagger.CustomWrapHandler.func1 (3 handlers)
[GIN-debug] GET    /shipping/api/            --> github.com/cdp-team3/shipping-address-service/app/handlers.HealthCheckHandler.HealthCheck-fm (3 handlers)
[GIN-debug] GET    /shipping/api/shippingaddress/:id --> github.com/cdp-team3/shipping-address-service/app/handlers.ShippingHandler.GetShippingAddress-fm (3 handlers)
[GIN-debug] POST   /shipping/api/shippingaddress --> github.com/cdp-team3/shipping-address-service/app/handlers.ShippingHandler.AddNewShippingAddress-fm (3 handlers)
[GIN-debug] PUT    /shipping/api/shippingaddress/:id --> github.com/cdp-team3/shipping-address-service/app/handlers.ShippingHandler.HandleUpdateShippingAddressByID.func1 (3 handlers)
[GIN-debug] DELETE /shipping/api/shippingaddress/:id --> github.com/cdp-team3/shipping-address-service/app/handlers.ShippingHandler.HandleDeleteShippingAddressById.func1 (3 handlers)
[GIN-debug] [WARNING] You trusted all proxies, this is NOT safe. We recommend you to set a value.
Please check https://pkg.go.dev/github.com/gin-gonic/gin#readme-don-t-trust-all-proxies for details.
[GIN-debug] Listening and serving HTTP on :3003
GET - [404] ::1 HTTP/1.1 PostmanRuntime/7.29.0 /shipping/api/shippingaddress/5ce6b6fc-3bc9-43d2-b60c-a85df48a26b6 2022-04-17T21:55:44+05:30 238.8004ms Error #01: Categories for given ID doesn't exists

POST - [200] ::1 HTTP/1.1 PostmanRuntime/7.29.0 /shipping/api/shippingaddress 2022-04-17T21:56:23+05:30 275.3655ms 
GET - [200] ::1 HTTP/1.1 PostmanRuntime/7.29.0 /shipping/api/shippingaddress/024fa2cb-157a-428f-b5ab-60e09ad4e8ec 2022-04-17T21:56:39+05:30 242.7416ms 
PUT - [202] ::1 HTTP/1.1 PostmanRuntime/7.29.0 /shipping/api/shippingaddress/024fa2cb-157a-428f-b5ab-60e09ad4e8ec 2022-04-17T21:56:49+05:30 233.2026ms 
GET - [200] ::1 HTTP/1.1 PostmanRuntime/7.29.0 /shipping/api/shippingaddress/024fa2cb-157a-428f-b5ab-60e09ad4e8ec 2022-04-17T21:57:34+05:30 243.9666ms Error #01: unmarshal map - parsing time "2022-04-17 21:56:48.825351 +0530 IST m=+72.105112801" as "2006-01-02T15:04:05Z07:00": cannot parse " 21:56:48.825351 +0530 IST m=+72.105112801" as "T"

[GIN-debug] [WARNING] Running in "debug" mode. Switch to "release" mode in production.
 - using env:	export GIN_MODE=release
 - using code:	gin.SetMode(gin.ReleaseMode)

[GIN-debug] GET    /shipping/api/swagger/*any --> github.com/swaggo/gin-swagger.CustomWrapHandler.func1 (3 handlers)
[GIN-debug] GET    /shipping/api/            --> github.com/cdp-team3/shipping-address-service/app/handlers.HealthCheckHandler.HealthCheck-fm (3 handlers)
[GIN-debug] GET    /shipping/api/shippingaddress/:id --> github.com/cdp-team3/shipping-address-service/app/handlers.ShippingHandler.GetShippingAddress-fm (3 handlers)
[GIN-debug] POST   /shipping/api/shippingaddress --> github.com/cdp-team3/shipping-address-service/app/handlers.ShippingHandler.AddNewShippingAddress-fm (3 handlers)
[GIN-debug] PUT    /shipping/api/shippingaddress/:id --> github.com/cdp-team3/shipping-address-service/app/handlers.ShippingHandler.HandleUpdateShippingAddressByID.func1 (3 handlers)
[GIN-debug] DELETE /shipping/api/shippingaddress/:id --> github.com/cdp-team3/shipping-address-service/app/handlers.ShippingHandler.HandleDeleteShippingAddressById.func1 (3 handlers)
[GIN-debug] [WARNING] You trusted all proxies, this is NOT safe. We recommend you to set a value.
Please check https://pkg.go.dev/github.com/gin-gonic/gin#readme-don-t-trust-all-proxies for details.
[GIN-debug] Listening and serving HTTP on :3003
GET - [200] ::1 HTTP/1.1 PostmanRuntime/7.29.0 /shipping/api/shippingaddress/024fa2cb-157a-428f-b5ab-60e09ad4e8ec 2022-04-17T22:01:19+05:30 292.8733ms Error #01: unmarshal map - parsing time "2022-04-17 21:56:48.825351 +0530 IST m=+72.105112801" as "2006-01-02T15:04:05Z07:00": cannot parse " 21:56:48.825351 +0530 IST m=+72.105112801" as "T"

[GIN-debug] [WARNING] Running in "debug" mode. Switch to "release" mode in production.
 - using env:	export GIN_MODE=release
 - using code:	gin.SetMode(gin.ReleaseMode)

[GIN-debug] GET    /shipping/api/swagger/*any --> github.com/swaggo/gin-swagger.CustomWrapHandler.func1 (3 handlers)
[GIN-debug] GET    /shipping/api/            --> github.com/cdp-team3/shipping-address-service/app/handlers.HealthCheckHandler.HealthCheck-fm (3 handlers)
[GIN-debug] GET    /shipping/api/shippingaddress/:id --> github.com/cdp-team3/shipping-address-service/app/handlers.ShippingHandler.GetShippingAddress-fm (3 handlers)
[GIN-debug] POST   /shipping/api/shippingaddress --> github.com/cdp-team3/shipping-address-service/app/handlers.ShippingHandler.AddNewShippingAddress-fm (3 handlers)
[GIN-debug] PUT    /shipping/api/shippingaddress/:id --> github.com/cdp-team3/shipping-address-service/app/handlers.ShippingHandler.HandleUpdateShippingAddressByID.func1 (3 handlers)
[GIN-debug] DELETE /shipping/api/shippingaddress/:id --> github.com/cdp-team3/shipping-address-service/app/handlers.ShippingHandler.HandleDeleteShippingAddressById.func1 (3 handlers)
[GIN-debug] [WARNING] You trusted all proxies, this is NOT safe. We recommend you to set a value.
Please check https://pkg.go.dev/github.com/gin-gonic/gin#readme-don-t-trust-all-proxies for details.
[GIN-debug] Listening and serving HTTP on :3003
GET - [500] ::1 HTTP/1.1 PostmanRuntime/7.29.0 /shipping/api/shippingaddress/024fa2cb-157a-428f-b5ab-60e09ad4e8ec 2022-04-17T22:04:15+05:30 245.8101ms Error #01: parsing time "2022-04-17 21:56:48.825351 +0530 IST m=+72.105112801" as "2006-01-02T15:04:05Z07:00": cannot parse " 21:56:48.825351 +0530 IST m=+72.105112801" as "T"

[GIN-debug] [WARNING] Running in "debug" mode. Switch to "release" mode in production.
 - using env:	export GIN_MODE=release
 - using code:	gin.SetMode(gin.ReleaseMode)

[GIN-debug] GET    /shipping/api/swagger/*any --> github.com/swaggo/gin-swagger.CustomWrapHandler.func1 (3 handlers)
[GIN-debug] GET    /shipping/api/            --> github.com/cdp-team3/shipping-address-service/app/handlers.HealthCheckHandler.HealthCheck-fm (3 handlers)
[GIN-debug] GET    /shipping/api/shippingaddress/:id --> github.com/cdp-team3/shipping-address-service/app/handlers.ShippingHandler.GetShippingAddress-fm (3 handlers)
[GIN-debug] POST   /shipping/api/shippingaddress --> github.com/cdp-team3/shipping-address-service/app/handlers.ShippingHandler.AddNewShippingAddress-fm (3 handlers)
[GIN-debug] PUT    /shipping/api/shippingaddress/:id --> github.com/cdp-team3/shipping-address-service/app/handlers.ShippingHandler.HandleUpdateShippingAddressByID.func1 (3 handlers)
[GIN-debug] DELETE /shipping/api/shippingaddress/:id --> github.com/cdp-team3/shipping-address-service/app/handlers.ShippingHandler.HandleDeleteShippingAddressById.func1 (3 handlers)
[GIN-debug] [WARNING] You trusted all proxies, this is NOT safe. We recommend you to set a value.
Please check https://pkg.go.dev/github.com/gin-gonic/gin#readme-don-t-trust-all-proxies for details.
[GIN-debug] Listening and serving HTTP on :3003
PUT - [400] ::1 HTTP/1.1 PostmanRuntime/7.29.0 /shipping/api/shippingaddress/024fa2cb-157a-428f-b5ab-60e09ad4e8ec 2022-04-17T22:18:45+05:30 265.0143ms 
GET - [500] ::1 HTTP/1.1 PostmanRuntime/7.29.0 /shipping/api/shippingaddress/024fa2cb-157a-428f-b5ab-60e09ad4e8ec 2022-04-17T22:18:51+05:30 253.1446ms Error #01: parsing time "2022-04-17 21:56:48.825351 +0530 IST m=+72.105112801" as "2006-01-02T15:04:05Z07:00": cannot parse " 21:56:48.825351 +0530 IST m=+72.105112801" as "T"

PUT - [400] ::1 HTTP/1.1 PostmanRuntime/7.29.0 /shipping/api/shippingaddress/024fa2cb-157a-428f-b5ab-60e09ad4e8ec 2022-04-17T22:18:55+05:30 260.1388ms 
POST - [200] ::1 HTTP/1.1 PostmanRuntime/7.29.0 /shipping/api/shippingaddress 2022-04-17T22:19:10+05:30 265.7832ms 
GET - [200] ::1 HTTP/1.1 PostmanRuntime/7.29.0 /shipping/api/shippingaddress/3584f476-5b26-479a-be88-75fbeec33542 2022-04-17T22:19:24+05:30 254.3277ms 
PUT - [400] ::1 HTTP/1.1 PostmanRuntime/7.29.0 /shipping/api/shippingaddress/3584f476-5b26-479a-be88-75fbeec33542 2022-04-17T22:19:31+05:30 257.1574ms 
[GIN-debug] [WARNING] Running in "debug" mode. Switch to "release" mode in production.
 - using env:	export GIN_MODE=release
 - using code:	gin.SetMode(gin.ReleaseMode)

[GIN-debug] GET    /shipping/api/swagger/*any --> github.com/swaggo/gin-swagger.CustomWrapHandler.func1 (3 handlers)
[GIN-debug] GET    /shipping/api/            --> github.com/cdp-team3/shipping-address-service/app/handlers.HealthCheckHandler.HealthCheck-fm (3 handlers)
[GIN-debug] GET    /shipping/api/shippingaddress/:id --> github.com/cdp-team3/shipping-address-service/app/handlers.ShippingHandler.GetShippingAddress-fm (3 handlers)
[GIN-debug] POST   /shipping/api/shippingaddress --> github.com/cdp-team3/shipping-address-service/app/handlers.ShippingHandler.AddNewShippingAddress-fm (3 handlers)
[GIN-debug] PUT    /shipping/api/shippingaddress/:id --> github.com/cdp-team3/shipping-address-service/app/handlers.ShippingHandler.HandleUpdateShippingAddressByID.func1 (3 handlers)
[GIN-debug] DELETE /shipping/api/shippingaddress/:id --> github.com/cdp-team3/shipping-address-service/app/handlers.ShippingHandler.HandleDeleteShippingAddressById.func1 (3 handlers)
[GIN-debug] [WARNING] You trusted all proxies, this is NOT safe. We recommend you to set a value.
Please check https://pkg.go.dev/github.com/gin-gonic/gin#readme-don-t-trust-all-proxies for details.
[GIN-debug] Listening and serving HTTP on :3003
PUT - [400] ::1 HTTP/1.1 PostmanRuntime/7.29.0 /shipping/api/shippingaddress/3584f476-5b26-479a-be88-75fbeec33542 2022-04-17T22:20:27+05:30 262.7614ms 
[GIN-debug] [WARNING] Running in "debug" mode. Switch to "release" mode in production.
 - using env:	export GIN_MODE=release
 - using code:	gin.SetMode(gin.ReleaseMode)

[GIN-debug] GET    /shipping/api/swagger/*any --> github.com/swaggo/gin-swagger.CustomWrapHandler.func1 (3 handlers)
[GIN-debug] GET    /shipping/api/            --> github.com/cdp-team3/shipping-address-service/app/handlers.HealthCheckHandler.HealthCheck-fm (3 handlers)
[GIN-debug] GET    /shipping/api/shippingaddress/:id --> github.com/cdp-team3/shipping-address-service/app/handlers.ShippingHandler.GetShippingAddress-fm (3 handlers)
[GIN-debug] POST   /shipping/api/shippingaddress --> github.com/cdp-team3/shipping-address-service/app/handlers.ShippingHandler.AddNewShippingAddress-fm (3 handlers)
[GIN-debug] PUT    /shipping/api/shippingaddress/:id --> github.com/cdp-team3/shipping-address-service/app/handlers.ShippingHandler.HandleUpdateShippingAddressByID.func1 (3 handlers)
[GIN-debug] DELETE /shipping/api/shippingaddress/:id --> github.com/cdp-team3/shipping-address-service/app/handlers.ShippingHandler.HandleDeleteShippingAddressById.func1 (3 handlers)
[GIN-debug] [WARNING] You trusted all proxies, this is NOT safe. We recommend you to set a value.
Please check https://pkg.go.dev/github.com/gin-gonic/gin#readme-don-t-trust-all-proxies for details.
[GIN-debug] Listening and serving HTTP on :3003
GET - [200] ::1 HTTP/1.1 PostmanRuntime/7.29.0 /shipping/api/shippingaddress/3584f476-5b26-479a-be88-75fbeec33542 2022-04-17T22:21:10+05:30 251.0685ms 
PUT - [202] ::1 HTTP/1.1 PostmanRuntime/7.29.0 /shipping/api/shippingaddress/3584f476-5b26-479a-be88-75fbeec33542 2022-04-17T22:21:14+05:30 247.9522ms 
GET - [500] ::1 HTTP/1.1 PostmanRuntime/7.29.0 /shipping/api/shippingaddress/3584f476-5b26-479a-be88-75fbeec33542 2022-04-17T22:21:18+05:30 254.7298ms Error #01: parsing time "2022-04-17 22:21:13.9301872 +0530 IST m=+10.690152701" as "2006-01-02T15:04:05Z07:00": cannot parse " 22:21:13.9301872 +0530 IST m=+10.690152701" as "T"

[GIN-debug] [WARNING] Running in "debug" mode. Switch to "release" mode in production.
 - using env:	export GIN_MODE=release
 - using code:	gin.SetMode(gin.ReleaseMode)

[GIN-debug] GET    /shipping/api/swagger/*any --> github.com/swaggo/gin-swagger.CustomWrapHandler.func1 (3 handlers)
[GIN-debug] GET    /shipping/api/            --> github.com/cdp-team3/shipping-address-service/app/handlers.HealthCheckHandler.HealthCheck-fm (3 handlers)
[GIN-debug] GET    /shipping/api/shippingaddress/:id --> github.com/cdp-team3/shipping-address-service/app/handlers.ShippingHandler.GetShippingAddress-fm (3 handlers)
[GIN-debug] POST   /shipping/api/shippingaddress --> github.com/cdp-team3/shipping-address-service/app/handlers.ShippingHandler.AddNewShippingAddress-fm (3 handlers)
[GIN-debug] PUT    /shipping/api/shippingaddress/:id --> github.com/cdp-team3/shipping-address-service/app/handlers.ShippingHandler.HandleUpdateShippingAddressByID.func1 (3 handlers)
[GIN-debug] DELETE /shipping/api/shippingaddress/:id --> github.com/cdp-team3/shipping-address-service/app/handlers.ShippingHandler.HandleDeleteShippingAddressById.func1 (3 handlers)
[GIN-debug] [WARNING] You trusted all proxies, this is NOT safe. We recommend you to set a value.
Please check https://pkg.go.dev/github.com/gin-gonic/gin#readme-don-t-trust-all-proxies for details.
[GIN-debug] Listening and serving HTTP on :3003
DELETE - [202] ::1 HTTP/1.1 PostmanRuntime/7.29.0 /shipping/api/shippingaddress/3584f476-5b26-479a-be88-75fbeec33542 2022-04-17T22:22:47+05:30 251.0515ms 
GET - [404] ::1 HTTP/1.1 PostmanRuntime/7.29.0 /shipping/api/shippingaddress/3584f476-5b26-479a-be88-75fbeec33542 2022-04-17T22:22:50+05:30 241.7482ms Error #01: Categories for given ID doesn't exists

POST - [200] ::1 HTTP/1.1 PostmanRuntime/7.29.0 /shipping/api/shippingaddress 2022-04-17T22:22:56+05:30 254.5274ms 
GET - [200] ::1 HTTP/1.1 PostmanRuntime/7.29.0 /shipping/api/shippingaddress/5eb7a8df-ed59-4216-8848-d8209db6a9be 2022-04-17T22:23:11+05:30 248.3756ms 
PUT - [202] ::1 HTTP/1.1 PostmanRuntime/7.29.0 /shipping/api/shippingaddress/5eb7a8df-ed59-4216-8848-d8209db6a9be 2022-04-17T22:23:17+05:30 250.0438ms 
GET - [500] ::1 HTTP/1.1 PostmanRuntime/7.29.0 /shipping/api/shippingaddress/5eb7a8df-ed59-4216-8848-d8209db6a9be 2022-04-17T22:23:49+05:30 246.402ms Error #01: parsing time "2022-04-17 22:23:17.2463019 +0530 IST m=+46.895195501" as "2006-01-02T15:04:05Z07:00": cannot parse " 22:23:17.2463019 +0530 IST m=+46.895195501" as "T"

GET - [200] ::1 HTTP/1.1 PostmanRuntime/7.29.0 /shipping/api/shippingaddress/f0314ef3-3a4b-4d22-961c-00976e813a36 2022-04-17T22:24:24+05:30 256.5206ms 
PUT - [202] ::1 HTTP/1.1 PostmanRuntime/7.29.0 /shipping/api/shippingaddress/f0314ef3-3a4b-4d22-961c-00976e813a36 2022-04-17T22:24:35+05:30 283.8532ms 
GET - [500] ::1 HTTP/1.1 PostmanRuntime/7.29.0 /shipping/api/shippingaddress/f0314ef3-3a4b-4d22-961c-00976e813a36 2022-04-17T22:24:38+05:30 246.7136ms Error #01: parsing time "2022-04-17 22:24:35.5829491 +0530 IST m=+125.231842701" as "2006-01-02T15:04:05Z07:00": cannot parse " 22:24:35.5829491 +0530 IST m=+125.231842701" as "T"

[GIN-debug] [WARNING] Running in "debug" mode. Switch to "release" mode in production.
 - using env:	export GIN_MODE=release
 - using code:	gin.SetMode(gin.ReleaseMode)

[GIN-debug] GET    /shipping/api/swagger/*any --> github.com/swaggo/gin-swagger.CustomWrapHandler.func1 (3 handlers)
[GIN-debug] GET    /shipping/api/            --> github.com/cdp-team3/shipping-address-service/app/handlers.HealthCheckHandler.HealthCheck-fm (3 handlers)
[GIN-debug] GET    /shipping/api/shippingaddress/:id --> github.com/cdp-team3/shipping-address-service/app/handlers.ShippingHandler.GetShippingAddress-fm (3 handlers)
[GIN-debug] POST   /shipping/api/shippingaddress --> github.com/cdp-team3/shipping-address-service/app/handlers.ShippingHandler.AddNewShippingAddress-fm (3 handlers)
[GIN-debug] PUT    /shipping/api/shippingaddress/:id --> github.com/cdp-team3/shipping-address-service/app/handlers.ShippingHandler.HandleUpdateShippingAddressByID.func1 (3 handlers)
[GIN-debug] DELETE /shipping/api/shippingaddress/:id --> github.com/cdp-team3/shipping-address-service/app/handlers.ShippingHandler.HandleDeleteShippingAddressById.func1 (3 handlers)
[GIN-debug] [WARNING] You trusted all proxies, this is NOT safe. We recommend you to set a value.
Please check https://pkg.go.dev/github.com/gin-gonic/gin#readme-don-t-trust-all-proxies for details.
[GIN-debug] Listening and serving HTTP on :3003
[GIN-debug] [WARNING] Running in "debug" mode. Switch to "release" mode in production.
 - using env:	export GIN_MODE=release
 - using code:	gin.SetMode(gin.ReleaseMode)

[GIN-debug] GET    /shipping/api/swagger/*any --> github.com/swaggo/gin-swagger.CustomWrapHandler.func1 (3 handlers)
[GIN-debug] GET    /shipping/api/            --> github.com/cdp-team3/shipping-address-service/app/handlers.HealthCheckHandler.HealthCheck-fm (3 handlers)
[GIN-debug] GET    /shipping/api/shippingaddress/:id --> github.com/cdp-team3/shipping-address-service/app/handlers.ShippingHandler.GetShippingAddress-fm (3 handlers)
[GIN-debug] POST   /shipping/api/shippingaddress --> github.com/cdp-team3/shipping-address-service/app/handlers.ShippingHandler.AddNewShippingAddress-fm (3 handlers)
[GIN-debug] PUT    /shipping/api/shippingaddress/:id --> github.com/cdp-team3/shipping-address-service/app/handlers.ShippingHandler.HandleUpdateShippingAddressByID.func1 (3 handlers)
[GIN-debug] DELETE /shipping/api/shippingaddress/:id --> github.com/cdp-team3/shipping-address-service/app/handlers.ShippingHandler.HandleDeleteShippingAddressById.func1 (3 handlers)
[GIN-debug] [WARNING] You trusted all proxies, this is NOT safe. We recommend you to set a value.
Please check https://pkg.go.dev/github.com/gin-gonic/gin#readme-don-t-trust-all-proxies for details.
[GIN-debug] Listening and serving HTTP on :3003
[GIN-debug] [WARNING] Running in "debug" mode. Switch to "release" mode in production.
 - using env:	export GIN_MODE=release
 - using code:	gin.SetMode(gin.ReleaseMode)

[GIN-debug] GET    /shipping/api/swagger/*any --> github.com/swaggo/gin-swagger.CustomWrapHandler.func1 (3 handlers)
[GIN-debug] GET    /shipping/api/            --> github.com/cdp-team3/shipping-address-service/app/handlers.HealthCheckHandler.HealthCheck-fm (3 handlers)
[GIN-debug] GET    /shipping/api/shippingaddress/:id --> github.com/cdp-team3/shipping-address-service/app/handlers.ShippingHandler.GetShippingAddress-fm (3 handlers)
[GIN-debug] POST   /shipping/api/shippingaddress --> github.com/cdp-team3/shipping-address-service/app/handlers.ShippingHandler.AddNewShippingAddress-fm (3 handlers)
[GIN-debug] PUT    /shipping/api/shippingaddress/:id --> github.com/cdp-team3/shipping-address-service/app/handlers.ShippingHandler.HandleUpdateShippingAddressByID.func1 (3 handlers)
[GIN-debug] DELETE /shipping/api/shippingaddress/:id --> github.com/cdp-team3/shipping-address-service/app/handlers.ShippingHandler.HandleDeleteShippingAddressById.func1 (3 handlers)
[GIN-debug] [WARNING] You trusted all proxies, this is NOT safe. We recommend you to set a value.
Please check https://pkg.go.dev/github.com/gin-gonic/gin#readme-don-t-trust-all-proxies for details.
[GIN-debug] Listening and serving HTTP on :3003
[GIN-debug] [WARNING] Running in "debug" mode. Switch to "release" mode in production.
 - using env:	export GIN_MODE=release
 - using code:	gin.SetMode(gin.ReleaseMode)

[GIN-debug] GET    /shipping/api/swagger/*any --> github.com/swaggo/gin-swagger.CustomWrapHandler.func1 (3 handlers)
[GIN-debug] GET    /shipping/api/            --> github.com/cdp-team3/shipping-address-service/app/handlers.HealthCheckHandler.HealthCheck-fm (3 handlers)
[GIN-debug] GET    /shipping/api/shippingaddress/:id --> github.com/cdp-team3/shipping-address-service/app/handlers.ShippingHandler.GetShippingAddress-fm (3 handlers)
[GIN-debug] POST   /shipping/api/shippingaddress --> github.com/cdp-team3/shipping-address-service/app/handlers.ShippingHandler.AddNewShippingAddress-fm (3 handlers)
[GIN-debug] PUT    /shipping/api/shippingaddress/:id --> github.com/cdp-team3/shipping-address-service/app/handlers.ShippingHandler.HandleUpdateShippingAddressByID.func1 (3 handlers)
[GIN-debug] DELETE /shipping/api/shippingaddress/:id --> github.com/cdp-team3/shipping-address-service/app/handlers.ShippingHandler.HandleDeleteShippingAddressById.func1 (3 handlers)
[GIN-debug] [WARNING] You trusted all proxies, this is NOT safe. We recommend you to set a value.
Please check https://pkg.go.dev/github.com/gin-gonic/gin#readme-don-t-trust-all-proxies for details.
[GIN-debug] Listening and serving HTTP on :3003
[GIN-debug] [WARNING] Running in "debug" mode. Switch to "release" mode in production.
 - using env:	export GIN_MODE=release
 - using code:	gin.SetMode(gin.ReleaseMode)

[GIN-debug] GET    /shipping/api/swagger/*any --> github.com/swaggo/gin-swagger.CustomWrapHandler.func1 (3 handlers)
[GIN-debug] GET    /shipping/api/            --> github.com/cdp-team3/shipping-address-service/app/handlers.HealthCheckHandler.HealthCheck-fm (3 handlers)
[GIN-debug] GET    /shipping/api/shippingaddress/:id --> github.com/cdp-team3/shipping-address-service/app/handlers.ShippingHandler.GetShippingAddress-fm (3 handlers)
[GIN-debug] POST   /shipping/api/shippingaddress --> github.com/cdp-team3/shipping-address-service/app/handlers.ShippingHandler.AddNewShippingAddress-fm (3 handlers)
[GIN-debug] PUT    /shipping/api/shippingaddress/:id --> github.com/cdp-team3/shipping-address-service/app/handlers.ShippingHandler.HandleUpdateShippingAddressByID.func1 (3 handlers)
[GIN-debug] DELETE /shipping/api/shippingaddress/:id --> github.com/cdp-team3/shipping-address-service/app/handlers.ShippingHandler.HandleDeleteShippingAddressById.func1 (3 handlers)
[GIN-debug] [WARNING] You trusted all proxies, this is NOT safe. We recommend you to set a value.
Please check https://pkg.go.dev/github.com/gin-gonic/gin#readme-don-t-trust-all-proxies for details.
[GIN-debug] Listening and serving HTTP on :3003
GET - [500] ::1 HTTP/1.1 PostmanRuntime/7.29.0 /shipping/api/ 2022-04-19T22:02:58+05:30 251.6441ms 
GET - [500] ::1 HTTP/1.1 PostmanRuntime/7.29.0 /shipping/api/ 2022-04-19T22:03:04+05:30 248.5812ms 
[GIN-debug] [WARNING] Running in "debug" mode. Switch to "release" mode in production.
 - using env:	export GIN_MODE=release
 - using code:	gin.SetMode(gin.ReleaseMode)

[GIN-debug] GET    /shipping/api/swagger/*any --> github.com/swaggo/gin-swagger.CustomWrapHandler.func1 (3 handlers)
[GIN-debug] GET    /shipping/api/            --> github.com/cdp-team3/shipping-address-service/app/handlers.HealthCheckHandler.HealthCheck-fm (3 handlers)
[GIN-debug] GET    /shipping/api/shippingaddress/:id --> github.com/cdp-team3/shipping-address-service/app/handlers.ShippingHandler.GetShippingAddress-fm (3 handlers)
[GIN-debug] POST   /shipping/api/shippingaddress --> github.com/cdp-team3/shipping-address-service/app/handlers.ShippingHandler.AddNewShippingAddress-fm (3 handlers)
[GIN-debug] PUT    /shipping/api/shippingaddress/:id --> github.com/cdp-team3/shipping-address-service/app/handlers.ShippingHandler.HandleUpdateShippingAddressByID.func1 (3 handlers)
[GIN-debug] DELETE /shipping/api/shippingaddress/:id --> github.com/cdp-team3/shipping-address-service/app/handlers.ShippingHandler.HandleDeleteShippingAddressById.func1 (3 handlers)
[GIN-debug] [WARNING] You trusted all proxies, this is NOT safe. We recommend you to set a value.
Please check https://pkg.go.dev/github.com/gin-gonic/gin#readme-don-t-trust-all-proxies for details.
[GIN-debug] Listening and serving HTTP on :3003
[GIN-debug] [WARNING] Running in "debug" mode. Switch to "release" mode in production.
 - using env:	export GIN_MODE=release
 - using code:	gin.SetMode(gin.ReleaseMode)

[GIN-debug] GET    /shipping/api/swagger/*any --> github.com/swaggo/gin-swagger.CustomWrapHandler.func1 (3 handlers)
[GIN-debug] GET    /shipping/api/            --> github.com/cdp-team3/shipping-address-service/app/handlers.HealthCheckHandler.HealthCheck-fm (3 handlers)
[GIN-debug] GET    /shipping/api/shippingaddress/:id --> github.com/cdp-team3/shipping-address-service/app/handlers.ShippingHandler.GetShippingAddress-fm (3 handlers)
[GIN-debug] POST   /shipping/api/shippingaddress --> github.com/cdp-team3/shipping-address-service/app/handlers.ShippingHandler.AddNewShippingAddress-fm (3 handlers)
[GIN-debug] PUT    /shipping/api/shippingaddress/:id --> github.com/cdp-team3/shipping-address-service/app/handlers.ShippingHandler.HandleUpdateShippingAddressByID.func1 (3 handlers)
[GIN-debug] DELETE /shipping/api/shippingaddress/:id --> github.com/cdp-team3/shipping-address-service/app/handlers.ShippingHandler.HandleDeleteShippingAddressById.func1 (3 handlers)
[GIN-debug] [WARNING] You trusted all proxies, this is NOT safe. We recommend you to set a value.
Please check https://pkg.go.dev/github.com/gin-gonic/gin#readme-don-t-trust-all-proxies for details.
[GIN-debug] Listening and serving HTTP on :3003
[GIN-debug] [WARNING] Running in "debug" mode. Switch to "release" mode in production.
 - using env:	export GIN_MODE=release
 - using code:	gin.SetMode(gin.ReleaseMode)

[GIN-debug] GET    /shipping/api/swagger/*any --> github.com/swaggo/gin-swagger.CustomWrapHandler.func1 (3 handlers)
[GIN-debug] GET    /shipping/api/            --> github.com/cdp-team3/shipping-address-service/app/handlers.HealthCheckHandler.HealthCheck-fm (3 handlers)
[GIN-debug] GET    /shipping/api/shippingaddress/:id --> github.com/cdp-team3/shipping-address-service/app/handlers.ShippingHandler.GetShippingAddress-fm (3 handlers)
[GIN-debug] POST   /shipping/api/shippingaddress --> github.com/cdp-team3/shipping-address-service/app/handlers.ShippingHandler.AddNewShippingAddress-fm (3 handlers)
[GIN-debug] PUT    /shipping/api/shippingaddress/:id --> github.com/cdp-team3/shipping-address-service/app/handlers.ShippingHandler.HandleUpdateShippingAddressByID.func1 (3 handlers)
[GIN-debug] DELETE /shipping/api/shippingaddress/:id --> github.com/cdp-team3/shipping-address-service/app/handlers.ShippingHandler.HandleDeleteShippingAddressById.func1 (3 handlers)
[GIN-debug] [WARNING] You trusted all proxies, this is NOT safe. We recommend you to set a value.
Please check https://pkg.go.dev/github.com/gin-gonic/gin#readme-don-t-trust-all-proxies for details.
[GIN-debug] Listening and serving HTTP on :3003
[GIN-debug] [WARNING] Running in "debug" mode. Switch to "release" mode in production.
 - using env:	export GIN_MODE=release
 - using code:	gin.SetMode(gin.ReleaseMode)

[GIN-debug] GET    /shipping/api/swagger/*any --> github.com/swaggo/gin-swagger.CustomWrapHandler.func1 (3 handlers)
[GIN-debug] GET    /shipping/api/            --> github.com/cdp-team3/shipping-address-service/app/handlers.HealthCheckHandler.HealthCheck-fm (3 handlers)
[GIN-debug] GET    /shipping/api/shippingaddress/:id --> github.com/cdp-team3/shipping-address-service/app/handlers.ShippingHandler.GetShippingAddress-fm (3 handlers)
[GIN-debug] POST   /shipping/api/shippingaddress --> github.com/cdp-team3/shipping-address-service/app/handlers.ShippingHandler.AddNewShippingAddress-fm (3 handlers)
[GIN-debug] PUT    /shipping/api/shippingaddress/:id --> github.com/cdp-team3/shipping-address-service/app/handlers.ShippingHandler.HandleUpdateShippingAddressByID.func1 (3 handlers)
[GIN-debug] DELETE /shipping/api/shippingaddress/:id --> github.com/cdp-team3/shipping-address-service/app/handlers.ShippingHandler.HandleDeleteShippingAddressById.func1 (3 handlers)
[GIN-debug] [WARNING] You trusted all proxies, this is NOT safe. We recommend you to set a value.
Please check https://pkg.go.dev/github.com/gin-gonic/gin#readme-don-t-trust-all-proxies for details.
[GIN-debug] Listening and serving HTTP on :3003
POST - [200] ::1 HTTP/1.1 PostmanRuntime/7.29.0 /shipping/api/shippingaddress 2022-04-19T22:08:20+05:30 261.1052ms 
GET - [200] ::1 HTTP/1.1 PostmanRuntime/7.29.0 /shipping/api/shippingaddress/dbced2b2-18d0-4fd9-ba10-7619d9d36767 2022-04-19T22:08:40+05:30 245.7472ms 
GET - [404] ::1 HTTP/1.1 Mozilla/5.0 (Windows NT 10.0; Win64; x64) AppleWebKit/537.36 (KHTML, like Gecko) Chrome/100.0.4896.88 Safari/537.36 /swagger/index.html 2022-04-19T22:13:44+05:30 0s 
GET - [404] ::1 HTTP/1.1 Mozilla/5.0 (Windows NT 10.0; Win64; x64) AppleWebKit/537.36 (KHTML, like Gecko) Chrome/100.0.4896.88 Safari/537.36 /favicon.ico 2022-04-19T22:13:44+05:30 0s 
GET - [404] ::1 HTTP/1.1 Mozilla/5.0 (Windows NT 10.0; Win64; x64) AppleWebKit/537.36 (KHTML, like Gecko) Chrome/100.0.4896.88 Safari/537.36 /swagger/index.html 2022-04-19T22:14:03+05:30 0s 
[GIN-debug] [WARNING] Running in "debug" mode. Switch to "release" mode in production.
 - using env:	export GIN_MODE=release
 - using code:	gin.SetMode(gin.ReleaseMode)

[GIN-debug] GET    /shipping/api/swagger/*any --> github.com/swaggo/gin-swagger.CustomWrapHandler.func1 (3 handlers)
[GIN-debug] GET    /shipping/api/            --> github.com/cdp-team3/shipping-address-service/app/handlers.HealthCheckHandler.HealthCheck-fm (3 handlers)
[GIN-debug] GET    /shipping/api/shippingaddress/:id --> github.com/cdp-team3/shipping-address-service/app/handlers.ShippingHandler.GetShippingAddress-fm (3 handlers)
[GIN-debug] POST   /shipping/api/shippingaddress --> github.com/cdp-team3/shipping-address-service/app/handlers.ShippingHandler.AddNewShippingAddress-fm (3 handlers)
[GIN-debug] PUT    /shipping/api/shippingaddress/:id --> github.com/cdp-team3/shipping-address-service/app/handlers.ShippingHandler.HandleUpdateShippingAddressByID.func1 (3 handlers)
[GIN-debug] DELETE /shipping/api/shippingaddress/:id --> github.com/cdp-team3/shipping-address-service/app/handlers.ShippingHandler.HandleDeleteShippingAddressById.func1 (3 handlers)
[GIN-debug] [WARNING] You trusted all proxies, this is NOT safe. We recommend you to set a value.
Please check https://pkg.go.dev/github.com/gin-gonic/gin#readme-don-t-trust-all-proxies for details.
[GIN-debug] Listening and serving HTTP on :3003
[GIN-debug] [WARNING] Running in "debug" mode. Switch to "release" mode in production.
 - using env:	export GIN_MODE=release
 - using code:	gin.SetMode(gin.ReleaseMode)

[GIN-debug] GET    /shipping/api/swagger/*any --> github.com/swaggo/gin-swagger.CustomWrapHandler.func1 (3 handlers)
[GIN-debug] GET    /shipping/api/            --> github.com/cdp-team3/shipping-address-service/app/handlers.HealthCheckHandler.HealthCheck-fm (3 handlers)
[GIN-debug] GET    /shipping/api/shippingaddress/:id --> github.com/cdp-team3/shipping-address-service/app/handlers.ShippingHandler.GetShippingAddress-fm (3 handlers)
[GIN-debug] POST   /shipping/api/shippingaddress --> github.com/cdp-team3/shipping-address-service/app/handlers.ShippingHandler.AddNewShippingAddress-fm (3 handlers)
[GIN-debug] PUT    /shipping/api/shippingaddress/:id --> github.com/cdp-team3/shipping-address-service/app/handlers.ShippingHandler.HandleUpdateShippingAddressByID.func1 (3 handlers)
[GIN-debug] DELETE /shipping/api/shippingaddress/:id --> github.com/cdp-team3/shipping-address-service/app/handlers.ShippingHandler.HandleDeleteShippingAddressById.func1 (3 handlers)
[GIN-debug] [WARNING] You trusted all proxies, this is NOT safe. We recommend you to set a value.
Please check https://pkg.go.dev/github.com/gin-gonic/gin#readme-don-t-trust-all-proxies for details.
[GIN-debug] Listening and serving HTTP on :3003
[GIN-debug] [WARNING] Running in "debug" mode. Switch to "release" mode in production.
 - using env:	export GIN_MODE=release
 - using code:	gin.SetMode(gin.ReleaseMode)

[GIN-debug] GET    /shipping/api/swagger/*any --> github.com/swaggo/gin-swagger.CustomWrapHandler.func1 (3 handlers)
[GIN-debug] GET    /shipping/api/            --> github.com/cdp-team3/shipping-address-service/app/handlers.HealthCheckHandler.HealthCheck-fm (3 handlers)
[GIN-debug] GET    /shipping/api/shippingaddress/:id --> github.com/cdp-team3/shipping-address-service/app/handlers.ShippingHandler.GetShippingAddress-fm (3 handlers)
[GIN-debug] POST   /shipping/api/shippingaddress --> github.com/cdp-team3/shipping-address-service/app/handlers.ShippingHandler.AddNewShippingAddress-fm (3 handlers)
[GIN-debug] PUT    /shipping/api/shippingaddress/:id --> github.com/cdp-team3/shipping-address-service/app/handlers.ShippingHandler.HandleUpdateShippingAddressByID.func1 (3 handlers)
[GIN-debug] DELETE /shipping/api/shippingaddress/:id --> github.com/cdp-team3/shipping-address-service/app/handlers.ShippingHandler.HandleDeleteShippingAddressById.func1 (3 handlers)
[GIN-debug] [WARNING] You trusted all proxies, this is NOT safe. We recommend you to set a value.
Please check https://pkg.go.dev/github.com/gin-gonic/gin#readme-don-t-trust-all-proxies for details.
[GIN-debug] Listening and serving HTTP on :3003
[GIN-debug] [WARNING] Running in "debug" mode. Switch to "release" mode in production.
 - using env:	export GIN_MODE=release
 - using code:	gin.SetMode(gin.ReleaseMode)

[GIN-debug] GET    /shipping/api/swagger/*any --> github.com/swaggo/gin-swagger.CustomWrapHandler.func1 (3 handlers)
[GIN-debug] GET    /shipping/api/            --> github.com/cdp-team3/shipping-address-service/app/handlers.HealthCheckHandler.HealthCheck-fm (3 handlers)
[GIN-debug] GET    /shipping/api/shippingaddress/:id --> github.com/cdp-team3/shipping-address-service/app/handlers.ShippingHandler.GetShippingAddress.func1 (3 handlers)
[GIN-debug] POST   /shipping/api/shippingaddress --> github.com/cdp-team3/shipping-address-service/app/handlers.ShippingHandler.AddNewShippingAddress.func1 (3 handlers)
[GIN-debug] PUT    /shipping/api/shippingaddress/:id --> github.com/cdp-team3/shipping-address-service/app/handlers.ShippingHandler.HandleUpdateShippingAddressByID.func1 (3 handlers)
[GIN-debug] DELETE /shipping/api/shippingaddress/:id --> github.com/cdp-team3/shipping-address-service/app/handlers.ShippingHandler.HandleDeleteShippingAddressById.func1 (3 handlers)
[GIN-debug] [WARNING] You trusted all proxies, this is NOT safe. We recommend you to set a value.
Please check https://pkg.go.dev/github.com/gin-gonic/gin#readme-don-t-trust-all-proxies for details.
[GIN-debug] Listening and serving HTTP on :3003
[GIN-debug] [WARNING] Running in "debug" mode. Switch to "release" mode in production.
 - using env:	export GIN_MODE=release
 - using code:	gin.SetMode(gin.ReleaseMode)

[GIN-debug] GET    /shipping/api/swagger/*any --> github.com/swaggo/gin-swagger.CustomWrapHandler.func1 (3 handlers)
[GIN-debug] GET    /shipping/api/            --> github.com/cdp-team3/shipping-address-service/app/handlers.HealthCheckHandler.HealthCheck-fm (3 handlers)
[GIN-debug] GET    /shipping/api/shippingaddress/:id --> github.com/cdp-team3/shipping-address-service/app/handlers.ShippingHandler.GetShippingAddress.func1 (3 handlers)
[GIN-debug] POST   /shipping/api/shippingaddress --> github.com/cdp-team3/shipping-address-service/app/handlers.ShippingHandler.AddNewShippingAddress.func1 (3 handlers)
[GIN-debug] PUT    /shipping/api/shippingaddress/:id --> github.com/cdp-team3/shipping-address-service/app/handlers.ShippingHandler.HandleUpdateShippingAddressByID.func1 (3 handlers)
[GIN-debug] DELETE /shipping/api/shippingaddress/:id --> github.com/cdp-team3/shipping-address-service/app/handlers.ShippingHandler.HandleDeleteShippingAddressById.func1 (3 handlers)
[GIN-debug] [WARNING] You trusted all proxies, this is NOT safe. We recommend you to set a value.
Please check https://pkg.go.dev/github.com/gin-gonic/gin#readme-don-t-trust-all-proxies for details.
[GIN-debug] Listening and serving HTTP on :3003
GET - [404] ::1 HTTP/1.1 Mozilla/5.0 (Windows NT 10.0; Win64; x64) AppleWebKit/537.36 (KHTML, like Gecko) Chrome/100.0.4896.88 Safari/537.36 /swagger/index.html 2022-04-20T16:55:11+05:30 0s 
GET - [404] ::1 HTTP/1.1 Mozilla/5.0 (Windows NT 10.0; Win64; x64) AppleWebKit/537.36 (KHTML, like Gecko) Chrome/100.0.4896.88 Safari/537.36 /swagger/index.html 2022-04-20T16:57:49+05:30 0s 
GET - [404] ::1 HTTP/1.1 Mozilla/5.0 (Windows NT 10.0; Win64; x64) AppleWebKit/537.36 (KHTML, like Gecko) Chrome/100.0.4896.88 Safari/537.36 /shipping-service/api/swagger/index.html 2022-04-20T16:58:09+05:30 0s 
GET - [404] ::1 HTTP/1.1 Mozilla/5.0 (Windows NT 10.0; Win64; x64) AppleWebKit/537.36 (KHTML, like Gecko) Chrome/100.0.4896.88 Safari/537.36 /shipping-service/api/swagger/index.html 2022-04-20T16:58:11+05:30 0s 
GET - [404] ::1 HTTP/1.1 Mozilla/5.0 (Windows NT 10.0; Win64; x64) AppleWebKit/537.36 (KHTML, like Gecko) Chrome/100.0.4896.88 Safari/537.36 /shipping-service/api/swagger/index.html 2022-04-20T16:58:12+05:30 0s 
GET - [404] ::1 HTTP/1.1 Mozilla/5.0 (Windows NT 10.0; Win64; x64) AppleWebKit/537.36 (KHTML, like Gecko) Chrome/100.0.4896.88 Safari/537.36 /shipping-service/api/swagger/index.html 2022-04-20T16:58:13+05:30 0s 
GET - [404] ::1 HTTP/1.1 Mozilla/5.0 (Windows NT 10.0; Win64; x64) AppleWebKit/537.36 (KHTML, like Gecko) Chrome/100.0.4896.88 Safari/537.36 /shipping-service/api/swagger/index.html 2022-04-20T16:58:13+05:30 0s 
GET - [404] ::1 HTTP/1.1 Mozilla/5.0 (Windows NT 10.0; Win64; x64) AppleWebKit/537.36 (KHTML, like Gecko) Chrome/100.0.4896.88 Safari/537.36 /shipping-service/api/swagger/index.html 2022-04-20T16:58:14+05:30 0s 
GET - [200] ::1 HTTP/1.1 Mozilla/5.0 (Windows NT 10.0; Win64; x64) AppleWebKit/537.36 (KHTML, like Gecko) Chrome/100.0.4896.88 Safari/537.36 /shipping/api/swagger/index.html 2022-04-20T16:59:37+05:30 29.9157ms 
GET - [200] ::1 HTTP/1.1 Mozilla/5.0 (Windows NT 10.0; Win64; x64) AppleWebKit/537.36 (KHTML, like Gecko) Chrome/100.0.4896.88 Safari/537.36 /shipping/api/swagger/swagger-ui.css 2022-04-20T16:59:37+05:30 16.3829ms 
GET - [200] ::1 HTTP/1.1 Mozilla/5.0 (Windows NT 10.0; Win64; x64) AppleWebKit/537.36 (KHTML, like Gecko) Chrome/100.0.4896.88 Safari/537.36 /shipping/api/swagger/swagger-ui-standalone-preset.js 2022-04-20T16:59:37+05:30 16.15ms 
GET - [200] ::1 HTTP/1.1 Mozilla/5.0 (Windows NT 10.0; Win64; x64) AppleWebKit/537.36 (KHTML, like Gecko) Chrome/100.0.4896.88 Safari/537.36 /shipping/api/swagger/swagger-ui-bundle.js 2022-04-20T16:59:37+05:30 32.1539ms 
GET - [200] ::1 HTTP/1.1 Mozilla/5.0 (Windows NT 10.0; Win64; x64) AppleWebKit/537.36 (KHTML, like Gecko) Chrome/100.0.4896.88 Safari/537.36 /shipping/api/swagger/doc.json 2022-04-20T16:59:38+05:30 9.5147ms 
GET - [200] ::1 HTTP/1.1 Mozilla/5.0 (Windows NT 10.0; Win64; x64) AppleWebKit/537.36 (KHTML, like Gecko) Chrome/100.0.4896.88 Safari/537.36 /shipping/api/swagger/favicon-32x32.png 2022-04-20T16:59:38+05:30 0s 
GET - [404] ::1 HTTP/1.1 Mozilla/5.0 (Windows NT 10.0; Win64; x64) AppleWebKit/537.36 (KHTML, like Gecko) Chrome/100.0.4896.88 Safari/537.36 /shipping-service/api/ 2022-04-20T16:59:46+05:30 0s 
[GIN-debug] [WARNING] Running in "debug" mode. Switch to "release" mode in production.
 - using env:	export GIN_MODE=release
 - using code:	gin.SetMode(gin.ReleaseMode)

[GIN-debug] GET    /shipping-service/api/swagger/*any --> github.com/swaggo/gin-swagger.CustomWrapHandler.func1 (3 handlers)
[GIN-debug] GET    /shipping-service/api/    --> github.com/cdp-team3/shipping-address-service/app/handlers.HealthCheckHandler.HealthCheck-fm (3 handlers)
[GIN-debug] GET    /shipping-service/api/shippingaddress/:id --> github.com/cdp-team3/shipping-address-service/app/handlers.ShippingHandler.GetShippingAddress.func1 (3 handlers)
[GIN-debug] POST   /shipping-service/api/shippingaddress --> github.com/cdp-team3/shipping-address-service/app/handlers.ShippingHandler.AddNewShippingAddress.func1 (3 handlers)
[GIN-debug] PUT    /shipping-service/api/shippingaddress/:id --> github.com/cdp-team3/shipping-address-service/app/handlers.ShippingHandler.HandleUpdateShippingAddressByID.func1 (3 handlers)
[GIN-debug] DELETE /shipping-service/api/shippingaddress/:id --> github.com/cdp-team3/shipping-address-service/app/handlers.ShippingHandler.HandleDeleteShippingAddressById.func1 (3 handlers)
[GIN-debug] [WARNING] You trusted all proxies, this is NOT safe. We recommend you to set a value.
Please check https://pkg.go.dev/github.com/gin-gonic/gin#readme-don-t-trust-all-proxies for details.
[GIN-debug] Listening and serving HTTP on :3003
GET - [404] ::1 HTTP/1.1 Mozilla/5.0 (Windows NT 10.0; Win64; x64) AppleWebKit/537.36 (KHTML, like Gecko) Chrome/100.0.4896.88 Safari/537.36 /shipping/api/swagger/index.html 2022-04-20T17:01:10+05:30 0s 
GET - [200] ::1 HTTP/1.1 Mozilla/5.0 (Windows NT 10.0; Win64; x64) AppleWebKit/537.36 (KHTML, like Gecko) Chrome/100.0.4896.88 Safari/537.36 /shipping-service/api/swagger/index.html 2022-04-20T17:01:17+05:30 1.4481ms 
GET - [200] ::1 HTTP/1.1 Mozilla/5.0 (Windows NT 10.0; Win64; x64) AppleWebKit/537.36 (KHTML, like Gecko) Chrome/100.0.4896.88 Safari/537.36 /shipping-service/api/swagger/swagger-ui.css 2022-04-20T17:01:17+05:30 458.3s 
GET - [200] ::1 HTTP/1.1 Mozilla/5.0 (Windows NT 10.0; Win64; x64) AppleWebKit/537.36 (KHTML, like Gecko) Chrome/100.0.4896.88 Safari/537.36 /shipping-service/api/swagger/swagger-ui-bundle.js 2022-04-20T17:01:17+05:30 2.4285ms 
GET - [200] ::1 HTTP/1.1 Mozilla/5.0 (Windows NT 10.0; Win64; x64) AppleWebKit/537.36 (KHTML, like Gecko) Chrome/100.0.4896.88 Safari/537.36 /shipping-service/api/swagger/swagger-ui-standalone-preset.js 2022-04-20T17:01:17+05:30 1.3099ms 
GET - [200] ::1 HTTP/1.1 Mozilla/5.0 (Windows NT 10.0; Win64; x64) AppleWebKit/537.36 (KHTML, like Gecko) Chrome/100.0.4896.88 Safari/537.36 /shipping-service/api/swagger/doc.json 2022-04-20T17:01:18+05:30 1.0075ms 
GET - [200] ::1 HTTP/1.1 Mozilla/5.0 (Windows NT 10.0; Win64; x64) AppleWebKit/537.36 (KHTML, like Gecko) Chrome/100.0.4896.88 Safari/537.36 /shipping-service/api/swagger/favicon-32x32.png 2022-04-20T17:01:18+05:30 0s 
GET - [500] ::1 HTTP/1.1 Mozilla/5.0 (Windows NT 10.0; Win64; x64) AppleWebKit/537.36 (KHTML, like Gecko) Chrome/100.0.4896.88 Safari/537.36 /shipping-service/api/ 2022-04-20T17:01:26+05:30 241.8249ms 
[GIN-debug] [WARNING] Running in "debug" mode. Switch to "release" mode in production.
 - using env:	export GIN_MODE=release
 - using code:	gin.SetMode(gin.ReleaseMode)

[GIN-debug] GET    /shipping-service/api/swagger/*any --> github.com/swaggo/gin-swagger.CustomWrapHandler.func1 (3 handlers)
[GIN-debug] GET    /shipping-service/api/    --> github.com/cdp-team3/shipping-address-service/app/handlers.HealthCheckHandler.HealthCheck-fm (3 handlers)
[GIN-debug] GET    /shipping-service/api/shippingaddress/:id --> github.com/cdp-team3/shipping-address-service/app/handlers.ShippingHandler.GetShippingAddress.func1 (4 handlers)
[GIN-debug] POST   /shipping-service/api/shippingaddress --> github.com/cdp-team3/shipping-address-service/app/handlers.ShippingHandler.AddNewShippingAddress.func1 (4 handlers)
[GIN-debug] PUT    /shipping-service/api/shippingaddress/:id --> github.com/cdp-team3/shipping-address-service/app/handlers.ShippingHandler.HandleUpdateShippingAddressByID.func1 (4 handlers)
[GIN-debug] DELETE /shipping-service/api/shippingaddress/:id --> github.com/cdp-team3/shipping-address-service/app/handlers.ShippingHandler.HandleDeleteShippingAddressById.func1 (4 handlers)
[GIN-debug] POST   /shipping-service/api/shippingaddress/existing/:id --> github.com/cdp-team3/shipping-address-service/app/handlers.ShippingHandler.HandleSetExistingShippingAddressToDefault.func1 (4 handlers)
[GIN-debug] [WARNING] You trusted all proxies, this is NOT safe. We recommend you to set a value.
Please check https://pkg.go.dev/github.com/gin-gonic/gin#readme-don-t-trust-all-proxies for details.
[GIN-debug] Listening and serving HTTP on :3003
POST - [404] ::1 HTTP/1.1 PostmanRuntime/7.29.0 /shipping/api/shippingaddress 2022-04-24T19:55:09+05:30 0s 
POST - [401] ::1 HTTP/1.1 PostmanRuntime/7.29.0 /shipping-service/api/shippingaddress 2022-04-24T19:55:34+05:30 74.585ms 
[GIN-debug] [WARNING] Running in "debug" mode. Switch to "release" mode in production.
 - using env:	export GIN_MODE=release
 - using code:	gin.SetMode(gin.ReleaseMode)

[GIN-debug] GET    /shipping-service/api/swagger/*any --> github.com/swaggo/gin-swagger.CustomWrapHandler.func1 (3 handlers)
[GIN-debug] GET    /shipping-service/api/    --> github.com/cdp-team3/shipping-address-service/app/handlers.HealthCheckHandler.HealthCheck-fm (3 handlers)
[GIN-debug] GET    /shipping-service/api/shippingaddress/:id --> github.com/cdp-team3/shipping-address-service/app/handlers.ShippingHandler.GetShippingAddress.func1 (3 handlers)
[GIN-debug] POST   /shipping-service/api/shippingaddress --> github.com/cdp-team3/shipping-address-service/app/handlers.ShippingHandler.AddNewShippingAddress.func1 (3 handlers)
[GIN-debug] PUT    /shipping-service/api/shippingaddress/:id --> github.com/cdp-team3/shipping-address-service/app/handlers.ShippingHandler.HandleUpdateShippingAddressByID.func1 (3 handlers)
[GIN-debug] DELETE /shipping-service/api/shippingaddress/:id --> github.com/cdp-team3/shipping-address-service/app/handlers.ShippingHandler.HandleDeleteShippingAddressById.func1 (3 handlers)
[GIN-debug] POST   /shipping-service/api/shippingaddress/existing/:id --> github.com/cdp-team3/shipping-address-service/app/handlers.ShippingHandler.HandleSetExistingShippingAddressToDefault.func1 (3 handlers)
[GIN-debug] [WARNING] You trusted all proxies, this is NOT safe. We recommend you to set a value.
Please check https://pkg.go.dev/github.com/gin-gonic/gin#readme-don-t-trust-all-proxies for details.
[GIN-debug] Listening and serving HTTP on :3003
POST - [400] ::1 HTTP/1.1 PostmanRuntime/7.29.0 /shipping-service/api/shippingaddress 2022-04-24T19:56:31+05:30 9.3695ms 
POST - [400] ::1 HTTP/1.1 PostmanRuntime/7.29.0 /shipping-service/api/shippingaddress 2022-04-24T19:58:12+05:30 32.0812ms 
POST - [400] ::1 HTTP/1.1 PostmanRuntime/7.29.0 /shipping-service/api/shippingaddress 2022-04-24T19:58:14+05:30 5.3012ms 
POST - [400] ::1 HTTP/1.1 PostmanRuntime/7.29.0 /shipping-service/api/shippingaddress 2022-04-24T19:59:00+05:30 3.0933ms 
POST - [400] ::1 HTTP/1.1 PostmanRuntime/7.29.0 /shipping-service/api/shippingaddress 2022-04-24T19:59:23+05:30 12.036ms Error #01: json: cannot unmarshal string into Go struct field ShippingAddress.default_address of type bool

POST - [400] ::1 HTTP/1.1 PostmanRuntime/7.29.0 /shipping-service/api/shippingaddress 2022-04-24T19:59:31+05:30 926.3s 
POST - [400] ::1 HTTP/1.1 PostmanRuntime/7.29.0 /shipping-service/api/shippingaddress 2022-04-24T20:02:27+05:30 6.6598ms 
[GIN-debug] [WARNING] Running in "debug" mode. Switch to "release" mode in production.
 - using env:	export GIN_MODE=release
 - using code:	gin.SetMode(gin.ReleaseMode)

[GIN-debug] GET    /shipping-service/api/swagger/*any --> github.com/swaggo/gin-swagger.CustomWrapHandler.func1 (3 handlers)
[GIN-debug] GET    /shipping-service/api/    --> github.com/cdp-team3/shipping-address-service/app/handlers.HealthCheckHandler.HealthCheck-fm (3 handlers)
[GIN-debug] GET    /shipping-service/api/shippingaddress/:id --> github.com/cdp-team3/shipping-address-service/app/handlers.ShippingHandler.GetShippingAddress.func1 (3 handlers)
[GIN-debug] POST   /shipping-service/api/shippingaddress --> github.com/cdp-team3/shipping-address-service/app/handlers.ShippingHandler.AddNewShippingAddress.func1 (3 handlers)
[GIN-debug] PUT    /shipping-service/api/shippingaddress/:id --> github.com/cdp-team3/shipping-address-service/app/handlers.ShippingHandler.HandleUpdateShippingAddressByID.func1 (3 handlers)
[GIN-debug] DELETE /shipping-service/api/shippingaddress/:id --> github.com/cdp-team3/shipping-address-service/app/handlers.ShippingHandler.HandleDeleteShippingAddressById.func1 (3 handlers)
[GIN-debug] POST   /shipping-service/api/shippingaddress/existing/:id --> github.com/cdp-team3/shipping-address-service/app/handlers.ShippingHandler.HandleSetExistingShippingAddressToDefault.func1 (3 handlers)
[GIN-debug] [WARNING] You trusted all proxies, this is NOT safe. We recommend you to set a value.
Please check https://pkg.go.dev/github.com/gin-gonic/gin#readme-don-t-trust-all-proxies for details.
[GIN-debug] Listening and serving HTTP on :3003
POST - [200] ::1 HTTP/1.1 PostmanRuntime/7.29.0 /shipping-service/api/shippingaddress 2022-04-24T20:05:27+05:30 283.9729ms 
GET - [404] ::1 HTTP/1.1 PostmanRuntime/7.29.0 /shipping-service/api/3cc475fc-0ba3-41dc-8afa-93a5d4abc41f 2022-04-24T20:06:24+05:30 0s 
GET - [200] ::1 HTTP/1.1 PostmanRuntime/7.29.0 /shipping-service/api/shippingaddress/3cc475fc-0ba3-41dc-8afa-93a5d4abc41f 2022-04-24T20:07:01+05:30 1.1874805s 
PUT - [202] ::1 HTTP/1.1 PostmanRuntime/7.29.0 /shipping-service/api/shippingaddress/3cc475fc-0ba3-41dc-8afa-93a5d4abc41f 2022-04-24T20:10:15+05:30 1.434464s 
GET - [200] ::1 HTTP/1.1 PostmanRuntime/7.29.0 /shipping-service/api/shippingaddress/3cc475fc-0ba3-41dc-8afa-93a5d4abc41f 2022-04-24T20:10:21+05:30 247.8403ms 
DELETE - [202] ::1 HTTP/1.1 PostmanRuntime/7.29.0 /shipping-service/api/shippingaddress/3cc475fc-0ba3-41dc-8afa-93a5d4abc41f 2022-04-24T20:10:26+05:30 282.8723ms 
GET - [404] ::1 HTTP/1.1 PostmanRuntime/7.29.0 /shipping-service/api/shippingaddress/3cc475fc-0ba3-41dc-8afa-93a5d4abc41f 2022-04-24T20:10:29+05:30 247.8405ms Error #01: Categories for given ID doesn't exists

POST - [200] ::1 HTTP/1.1 PostmanRuntime/7.29.0 /shipping-service/api/shippingaddress 2022-04-24T20:11:46+05:30 1.7727954s 
GET - [200] ::1 HTTP/1.1 PostmanRuntime/7.29.0 /shipping-service/api/shippingaddress/e33f6f1f-f519-4817-80c4-ddf8c179ee07 2022-04-24T20:12:10+05:30 371.495ms 
GET - [200] ::1 HTTP/1.1 PostmanRuntime/7.29.0 /shipping-service/api/shippingaddress/e33f6f1f-f519-4817-80c4-ddf8c179ee07 2022-04-24T20:16:43+05:30 1.0258217s 
POST - [404] ::1 HTTP/1.1 PostmanRuntime/7.29.0 /shipping-service/api/shippingaddress/e33f6f1f-f519-4817-80c4-ddf8c179ee07 2022-04-24T20:17:49+05:30 0s 
POST - [400] ::1 HTTP/1.1 PostmanRuntime/7.29.0 /shipping-service/api/shippingaddress/existing/e33f6f1f-f519-4817-80c4-ddf8c179ee07 2022-04-24T20:18:13+05:30 3.5830551s 
GET - [200] ::1 HTTP/1.1 PostmanRuntime/7.29.0 /shipping-service/api/shippingaddress/e33f6f1f-f519-4817-80c4-ddf8c179ee07 2022-04-24T20:18:26+05:30 296.0305ms 
POST - [400] ::1 HTTP/1.1 PostmanRuntime/7.29.0 /shipping-service/api/shippingaddress/existing/e33f6f1f-f519-4817-80c4-ddf8c179ee07 2022-04-24T20:18:43+05:30 524.7859ms 
[GIN-debug] [WARNING] Running in "debug" mode. Switch to "release" mode in production.
 - using env:	export GIN_MODE=release
 - using code:	gin.SetMode(gin.ReleaseMode)

[GIN-debug] GET    /shipping-service/api/swagger/*any --> github.com/swaggo/gin-swagger.CustomWrapHandler.func1 (3 handlers)
[GIN-debug] GET    /shipping-service/api/    --> github.com/cdp-team3/shipping-address-service/app/handlers.HealthCheckHandler.HealthCheck-fm (3 handlers)
[GIN-debug] GET    /shipping-service/api/shippingaddress/:id --> github.com/cdp-team3/shipping-address-service/app/handlers.ShippingHandler.GetShippingAddress.func1 (3 handlers)
[GIN-debug] POST   /shipping-service/api/shippingaddress --> github.com/cdp-team3/shipping-address-service/app/handlers.ShippingHandler.AddNewShippingAddress.func1 (3 handlers)
[GIN-debug] PUT    /shipping-service/api/shippingaddress/:id --> github.com/cdp-team3/shipping-address-service/app/handlers.ShippingHandler.HandleUpdateShippingAddressByID.func1 (3 handlers)
[GIN-debug] DELETE /shipping-service/api/shippingaddress/:id --> github.com/cdp-team3/shipping-address-service/app/handlers.ShippingHandler.HandleDeleteShippingAddressById.func1 (3 handlers)
[GIN-debug] POST   /shipping-service/api/shippingaddress/existing/:id --> github.com/cdp-team3/shipping-address-service/app/handlers.ShippingHandler.HandleSetExistingShippingAddressToDefault.func1 (3 handlers)
[GIN-debug] [WARNING] You trusted all proxies, this is NOT safe. We recommend you to set a value.
Please check https://pkg.go.dev/github.com/gin-gonic/gin#readme-don-t-trust-all-proxies for details.
[GIN-debug] Listening and serving HTTP on :3003
GET - [200] ::1 HTTP/1.1 PostmanRuntime/7.29.0 /shipping-service/api/shippingaddress/e33f6f1f-f519-4817-80c4-ddf8c179ee07 2022-04-24T20:22:28+05:30 251.2627ms 
POST - [400] ::1 HTTP/1.1 PostmanRuntime/7.29.0 /shipping-service/api/shippingaddress/existing/e33f6f1f-f519-4817-80c4-ddf8c179ee07 2022-04-24T20:22:37+05:30 497.9061ms 
[GIN-debug] [WARNING] Running in "debug" mode. Switch to "release" mode in production.
 - using env:	export GIN_MODE=release
 - using code:	gin.SetMode(gin.ReleaseMode)

[GIN-debug] GET    /shipping-service/api/swagger/*any --> github.com/swaggo/gin-swagger.CustomWrapHandler.func1 (3 handlers)
[GIN-debug] GET    /shipping-service/api/    --> github.com/cdp-team3/shipping-address-service/app/handlers.HealthCheckHandler.HealthCheck-fm (3 handlers)
[GIN-debug] GET    /shipping-service/api/shippingaddress/:id --> github.com/cdp-team3/shipping-address-service/app/handlers.ShippingHandler.GetShippingAddress.func1 (3 handlers)
[GIN-debug] POST   /shipping-service/api/shippingaddress --> github.com/cdp-team3/shipping-address-service/app/handlers.ShippingHandler.AddNewShippingAddress.func1 (3 handlers)
[GIN-debug] PUT    /shipping-service/api/shippingaddress/:id --> github.com/cdp-team3/shipping-address-service/app/handlers.ShippingHandler.HandleUpdateShippingAddressByID.func1 (3 handlers)
[GIN-debug] DELETE /shipping-service/api/shippingaddress/:id --> github.com/cdp-team3/shipping-address-service/app/handlers.ShippingHandler.HandleDeleteShippingAddressById.func1 (3 handlers)
[GIN-debug] POST   /shipping-service/api/shippingaddress/existing/:id --> github.com/cdp-team3/shipping-address-service/app/handlers.ShippingHandler.HandleSetExistingShippingAddressToDefault.func1 (3 handlers)
[GIN-debug] [WARNING] You trusted all proxies, this is NOT safe. We recommend you to set a value.
Please check https://pkg.go.dev/github.com/gin-gonic/gin#readme-don-t-trust-all-proxies for details.
[GIN-debug] Listening and serving HTTP on :3003
POST - [400] ::1 HTTP/1.1 PostmanRuntime/7.29.0 /shipping-service/api/shippingaddress 2022-04-24T20:32:31+05:30 32.8082ms Error #01: json: cannot unmarshal number into Go struct field ShippingAddress.default_address of type string

POST - [200] ::1 HTTP/1.1 PostmanRuntime/7.29.0 /shipping-service/api/shippingaddress 2022-04-24T20:33:06+05:30 4.1862852s 
GET - [200] ::1 HTTP/1.1 PostmanRuntime/7.29.0 /shipping-service/api/shippingaddress/767f8e3f-3f89-4bfe-bdf4-26c252d8b172 2022-04-24T20:33:29+05:30 266.8783ms 
POST - [400] ::1 HTTP/1.1 PostmanRuntime/7.29.0 /shipping-service/api/shippingaddress/existing/767f8e3f-3f89-4bfe-bdf4-26c252d8b172 2022-04-24T20:33:38+05:30 545.789ms 
[GIN-debug] [WARNING] Running in "debug" mode. Switch to "release" mode in production.
 - using env:	export GIN_MODE=release
 - using code:	gin.SetMode(gin.ReleaseMode)

[GIN-debug] GET    /shipping-service/api/swagger/*any --> github.com/swaggo/gin-swagger.CustomWrapHandler.func1 (3 handlers)
[GIN-debug] GET    /shipping-service/api/    --> github.com/cdp-team3/shipping-address-service/app/handlers.HealthCheckHandler.HealthCheck-fm (3 handlers)
[GIN-debug] GET    /shipping-service/api/shippingaddress/:id --> github.com/cdp-team3/shipping-address-service/app/handlers.ShippingHandler.GetShippingAddress.func1 (3 handlers)
[GIN-debug] POST   /shipping-service/api/shippingaddress --> github.com/cdp-team3/shipping-address-service/app/handlers.ShippingHandler.AddNewShippingAddress.func1 (3 handlers)
[GIN-debug] PUT    /shipping-service/api/shippingaddress/:id --> github.com/cdp-team3/shipping-address-service/app/handlers.ShippingHandler.HandleUpdateShippingAddressByID.func1 (3 handlers)
[GIN-debug] DELETE /shipping-service/api/shippingaddress/:id --> github.com/cdp-team3/shipping-address-service/app/handlers.ShippingHandler.HandleDeleteShippingAddressById.func1 (3 handlers)
[GIN-debug] POST   /shipping-service/api/shippingaddress/existing/:id --> github.com/cdp-team3/shipping-address-service/app/handlers.ShippingHandler.HandleSetExistingShippingAddressToDefault.func1 (3 handlers)
[GIN-debug] [WARNING] You trusted all proxies, this is NOT safe. We recommend you to set a value.
Please check https://pkg.go.dev/github.com/gin-gonic/gin#readme-don-t-trust-all-proxies for details.
[GIN-debug] Listening and serving HTTP on :3003
POST - [400] ::1 HTTP/1.1 PostmanRuntime/7.29.0 /shipping-service/api/shippingaddress/existing/767f8e3f-3f89-4bfe-bdf4-26c252d8b172 2022-04-24T20:35:21+05:30 570.2515ms 
[GIN-debug] [WARNING] Running in "debug" mode. Switch to "release" mode in production.
 - using env:	export GIN_MODE=release
 - using code:	gin.SetMode(gin.ReleaseMode)

[GIN-debug] GET    /shipping-service/api/swagger/*any --> github.com/swaggo/gin-swagger.CustomWrapHandler.func1 (3 handlers)
[GIN-debug] GET    /shipping-service/api/    --> github.com/cdp-team3/shipping-address-service/app/handlers.HealthCheckHandler.HealthCheck-fm (3 handlers)
[GIN-debug] GET    /shipping-service/api/shippingaddress/:id --> github.com/cdp-team3/shipping-address-service/app/handlers.ShippingHandler.GetShippingAddress.func1 (3 handlers)
[GIN-debug] POST   /shipping-service/api/shippingaddress --> github.com/cdp-team3/shipping-address-service/app/handlers.ShippingHandler.AddNewShippingAddress.func1 (3 handlers)
[GIN-debug] PUT    /shipping-service/api/shippingaddress/:id --> github.com/cdp-team3/shipping-address-service/app/handlers.ShippingHandler.HandleUpdateShippingAddressByID.func1 (3 handlers)
[GIN-debug] DELETE /shipping-service/api/shippingaddress/:id --> github.com/cdp-team3/shipping-address-service/app/handlers.ShippingHandler.HandleDeleteShippingAddressById.func1 (3 handlers)
[GIN-debug] POST   /shipping-service/api/shippingaddress/existing/:id --> github.com/cdp-team3/shipping-address-service/app/handlers.ShippingHandler.HandleSetExistingShippingAddressToDefault.func1 (3 handlers)
[GIN-debug] [WARNING] You trusted all proxies, this is NOT safe. We recommend you to set a value.
Please check https://pkg.go.dev/github.com/gin-gonic/gin#readme-don-t-trust-all-proxies for details.
[GIN-debug] Listening and serving HTTP on :3003
GET - [200] ::1 HTTP/1.1 PostmanRuntime/7.29.0 /shipping-service/api/shippingaddress/767f8e3f-3f89-4bfe-bdf4-26c252d8b172 2022-04-24T20:36:58+05:30 297.5578ms 
POST - [400] ::1 HTTP/1.1 PostmanRuntime/7.29.0 /shipping-service/api/shippingaddress/existing/767f8e3f-3f89-4bfe-bdf4-26c252d8b172 2022-04-24T20:37:03+05:30 610.0844ms 
PUT - [202] ::1 HTTP/1.1 PostmanRuntime/7.29.0 /shipping-service/api/shippingaddress/e33f6f1f-f519-4817-80c4-ddf8c179ee07 2022-04-24T20:37:54+05:30 293.1011ms 
GET - [500] ::1 HTTP/1.1 PostmanRuntime/7.29.0 /shipping-service/api/shippingaddress/e33f6f1f-f519-4817-80c4-ddf8c179ee07 2022-04-24T20:38:12+05:30 262.9137ms Error #01: UnmarshalTypeError: cannot unmarshal bool into Go value of type string

PUT - [202] ::1 HTTP/1.1 PostmanRuntime/7.29.0 /shipping-service/api/shippingaddress/e33f6f1f-f519-4817-80c4-ddf8c179ee07 2022-04-24T20:38:25+05:30 262.6141ms 
DELETE - [202] ::1 HTTP/1.1 PostmanRuntime/7.29.0 /shipping-service/api/shippingaddress/e33f6f1f-f519-4817-80c4-ddf8c179ee07 2022-04-24T20:38:36+05:30 256.3149ms 
PUT - [202] ::1 HTTP/1.1 PostmanRuntime/7.29.0 /shipping-service/api/shippingaddress/e33f6f1f-f519-4817-80c4-ddf8c179ee07 2022-04-24T20:38:40+05:30 285.9001ms 
GET - [200] ::1 HTTP/1.1 PostmanRuntime/7.29.0 /shipping-service/api/shippingaddress/e33f6f1f-f519-4817-80c4-ddf8c179ee07 2022-04-24T20:38:59+05:30 250.1745ms 
PUT - [202] ::1 HTTP/1.1 PostmanRuntime/7.29.0 /shipping-service/api/shippingaddress/e33f6f1f-f519-4817-80c4-ddf8c179ee07 2022-04-24T20:39:15+05:30 256.9614ms 
GET - [200] ::1 HTTP/1.1 PostmanRuntime/7.29.0 /shipping-service/api/shippingaddress/e33f6f1f-f519-4817-80c4-ddf8c179ee07 2022-04-24T20:39:18+05:30 253.973ms 
DELETE - [202] ::1 HTTP/1.1 PostmanRuntime/7.29.0 /shipping-service/api/shippingaddress/e33f6f1f-f519-4817-80c4-ddf8c179ee07 2022-04-24T20:39:27+05:30 250.5827ms 
GET - [404] ::1 HTTP/1.1 PostmanRuntime/7.29.0 /shipping-service/api/shippingaddress/e33f6f1f-f519-4817-80c4-ddf8c179ee07 2022-04-24T20:39:31+05:30 750.6728ms Error #01: Shipping Address for given ID doesn't exists

POST - [200] ::1 HTTP/1.1 PostmanRuntime/7.29.0 /shipping-service/api/shippingaddress 2022-04-24T20:39:36+05:30 748.57ms 
GET - [200] ::1 HTTP/1.1 PostmanRuntime/7.29.0 /shipping-service/api/shippingaddress/d3918386-b904-4975-aa0f-366ff409cf8c 2022-04-24T20:39:52+05:30 255.8142ms 
PUT - [202] ::1 HTTP/1.1 PostmanRuntime/7.29.0 /shipping-service/api/shippingaddress/d3918386-b904-4975-aa0f-366ff409cf8c 2022-04-24T20:40:02+05:30 264.3968ms 
GET - [200] ::1 HTTP/1.1 PostmanRuntime/7.29.0 /shipping-service/api/shippingaddress/d3918386-b904-4975-aa0f-366ff409cf8c 2022-04-24T20:40:06+05:30 252.4924ms 
POST - [400] ::1 HTTP/1.1 PostmanRuntime/7.29.0 /shipping-service/api/shippingaddress/existing/d3918386-b904-4975-aa0f-366ff409cf8c 2022-04-24T20:40:20+05:30 542.5218ms 
[GIN-debug] [WARNING] Running in "debug" mode. Switch to "release" mode in production.
 - using env:	export GIN_MODE=release
 - using code:	gin.SetMode(gin.ReleaseMode)

[GIN-debug] GET    /shipping-service/api/swagger/*any --> github.com/swaggo/gin-swagger.CustomWrapHandler.func1 (3 handlers)
[GIN-debug] GET    /shipping-service/api/    --> github.com/cdp-team3/shipping-address-service/app/handlers.HealthCheckHandler.HealthCheck-fm (3 handlers)
[GIN-debug] GET    /shipping-service/api/shippingaddress/:id --> github.com/cdp-team3/shipping-address-service/app/handlers.ShippingHandler.GetShippingAddress.func1 (3 handlers)
[GIN-debug] POST   /shipping-service/api/shippingaddress --> github.com/cdp-team3/shipping-address-service/app/handlers.ShippingHandler.AddNewShippingAddress.func1 (3 handlers)
[GIN-debug] PUT    /shipping-service/api/shippingaddress/:id --> github.com/cdp-team3/shipping-address-service/app/handlers.ShippingHandler.HandleUpdateShippingAddressByID.func1 (3 handlers)
[GIN-debug] DELETE /shipping-service/api/shippingaddress/:id --> github.com/cdp-team3/shipping-address-service/app/handlers.ShippingHandler.HandleDeleteShippingAddressById.func1 (3 handlers)
[GIN-debug] POST   /shipping-service/api/shippingaddress/existing/:id --> github.com/cdp-team3/shipping-address-service/app/handlers.ShippingHandler.HandleSetExistingShippingAddressToDefault.func1 (3 handlers)
[GIN-debug] [WARNING] You trusted all proxies, this is NOT safe. We recommend you to set a value.
Please check https://pkg.go.dev/github.com/gin-gonic/gin#readme-don-t-trust-all-proxies for details.
[GIN-debug] Listening and serving HTTP on :3003
POST - [400] ::1 HTTP/1.1 PostmanRuntime/7.29.0 /shipping-service/api/shippingaddress/existing/d3918386-b904-4975-aa0f-366ff409cf8c 2022-04-24T20:48:15+05:30 268.556ms 
[GIN-debug] [WARNING] Running in "debug" mode. Switch to "release" mode in production.
 - using env:	export GIN_MODE=release
 - using code:	gin.SetMode(gin.ReleaseMode)

[GIN-debug] GET    /shipping-service/api/swagger/*any --> github.com/swaggo/gin-swagger.CustomWrapHandler.func1 (3 handlers)
[GIN-debug] GET    /shipping-service/api/    --> github.com/cdp-team3/shipping-address-service/app/handlers.HealthCheckHandler.HealthCheck-fm (3 handlers)
[GIN-debug] GET    /shipping-service/api/shippingaddress/:id --> github.com/cdp-team3/shipping-address-service/app/handlers.ShippingHandler.GetShippingAddress.func1 (3 handlers)
[GIN-debug] POST   /shipping-service/api/shippingaddress --> github.com/cdp-team3/shipping-address-service/app/handlers.ShippingHandler.AddNewShippingAddress.func1 (3 handlers)
[GIN-debug] PUT    /shipping-service/api/shippingaddress/:id --> github.com/cdp-team3/shipping-address-service/app/handlers.ShippingHandler.HandleUpdateShippingAddressByID.func1 (3 handlers)
[GIN-debug] DELETE /shipping-service/api/shippingaddress/:id --> github.com/cdp-team3/shipping-address-service/app/handlers.ShippingHandler.HandleDeleteShippingAddressById.func1 (3 handlers)
[GIN-debug] POST   /shipping-service/api/shippingaddress/existing/:id --> github.com/cdp-team3/shipping-address-service/app/handlers.ShippingHandler.HandleSetExistingShippingAddressToDefault.func1 (3 handlers)
[GIN-debug] [WARNING] You trusted all proxies, this is NOT safe. We recommend you to set a value.
Please check https://pkg.go.dev/github.com/gin-gonic/gin#readme-don-t-trust-all-proxies for details.
[GIN-debug] Listening and serving HTTP on :3003
POST - [202] ::1 HTTP/1.1 PostmanRuntime/7.29.0 /shipping-service/api/shippingaddress/existing/d3918386-b904-4975-aa0f-366ff409cf8c 2022-04-24T20:49:05+05:30 283.7043ms 
GET - [200] ::1 HTTP/1.1 PostmanRuntime/7.29.0 /shipping-service/api/shippingaddress/d3918386-b904-4975-aa0f-366ff409cf8c 2022-04-24T20:49:24+05:30 247.2278ms 
[GIN-debug] [WARNING] Running in "debug" mode. Switch to "release" mode in production.
 - using env:	export GIN_MODE=release
 - using code:	gin.SetMode(gin.ReleaseMode)

[GIN-debug] GET    /shipping-service/api/swagger/*any --> github.com/swaggo/gin-swagger.CustomWrapHandler.func1 (3 handlers)
[GIN-debug] GET    /shipping-service/api/    --> github.com/cdp-team3/shipping-address-service/app/handlers.HealthCheckHandler.HealthCheck-fm (3 handlers)
[GIN-debug] GET    /shipping-service/api/shippingaddress/:id --> github.com/cdp-team3/shipping-address-service/app/handlers.ShippingHandler.GetShippingAddress.func1 (3 handlers)
[GIN-debug] POST   /shipping-service/api/shippingaddress --> github.com/cdp-team3/shipping-address-service/app/handlers.ShippingHandler.AddNewShippingAddress.func1 (3 handlers)
[GIN-debug] PUT    /shipping-service/api/shippingaddress/:id --> github.com/cdp-team3/shipping-address-service/app/handlers.ShippingHandler.HandleUpdateShippingAddressByID.func1 (3 handlers)
[GIN-debug] DELETE /shipping-service/api/shippingaddress/:id --> github.com/cdp-team3/shipping-address-service/app/handlers.ShippingHandler.HandleDeleteShippingAddressById.func1 (3 handlers)
[GIN-debug] POST   /shipping-service/api/shippingaddress/existing/:id --> github.com/cdp-team3/shipping-address-service/app/handlers.ShippingHandler.HandleSetExistingShippingAddressToDefault.func1 (3 handlers)
[GIN-debug] [WARNING] You trusted all proxies, this is NOT safe. We recommend you to set a value.
Please check https://pkg.go.dev/github.com/gin-gonic/gin#readme-don-t-trust-all-proxies for details.
[GIN-debug] Listening and serving HTTP on :3003
GET - [200] ::1 HTTP/1.1 PostmanRuntime/7.29.0 /shipping-service/api/shippingaddress/d3918386-b904-4975-aa0f-366ff409cf8c 2022-04-24T20:51:29+05:30 378.6849ms 
POST - [202] ::1 HTTP/1.1 PostmanRuntime/7.29.0 /shipping-service/api/shippingaddress/existing/d3918386-b904-4975-aa0f-366ff409cf8c 2022-04-24T20:51:34+05:30 493.6477ms 
[GIN-debug] [WARNING] Running in "debug" mode. Switch to "release" mode in production.
 - using env:	export GIN_MODE=release
 - using code:	gin.SetMode(gin.ReleaseMode)

[GIN-debug] GET    /shipping-service/api/swagger/*any --> github.com/swaggo/gin-swagger.CustomWrapHandler.func1 (3 handlers)
[GIN-debug] GET    /shipping-service/api/    --> github.com/cdp-team3/shipping-address-service/app/handlers.HealthCheckHandler.HealthCheck-fm (3 handlers)
[GIN-debug] GET    /shipping-service/api/shippingaddress/:id --> github.com/cdp-team3/shipping-address-service/app/handlers.ShippingHandler.GetShippingAddress.func1 (3 handlers)
[GIN-debug] POST   /shipping-service/api/shippingaddress --> github.com/cdp-team3/shipping-address-service/app/handlers.ShippingHandler.AddNewShippingAddress.func1 (3 handlers)
[GIN-debug] PUT    /shipping-service/api/shippingaddress/:id --> github.com/cdp-team3/shipping-address-service/app/handlers.ShippingHandler.HandleUpdateShippingAddressByID.func1 (3 handlers)
[GIN-debug] DELETE /shipping-service/api/shippingaddress/:id --> github.com/cdp-team3/shipping-address-service/app/handlers.ShippingHandler.HandleDeleteShippingAddressById.func1 (3 handlers)
[GIN-debug] POST   /shipping-service/api/shippingaddress/existing/:id --> github.com/cdp-team3/shipping-address-service/app/handlers.ShippingHandler.HandleSetExistingShippingAddressToDefault.func1 (3 handlers)
[GIN-debug] [WARNING] You trusted all proxies, this is NOT safe. We recommend you to set a value.
Please check https://pkg.go.dev/github.com/gin-gonic/gin#readme-don-t-trust-all-proxies for details.
[GIN-debug] Listening and serving HTTP on :3003
POST - [202] ::1 HTTP/1.1 PostmanRuntime/7.29.0 /shipping-service/api/shippingaddress/existing/d3918386-b904-4975-aa0f-366ff409cf8c 2022-04-24T21:30:57+05:30 531.1142ms 
[GIN-debug] [WARNING] Running in "debug" mode. Switch to "release" mode in production.
 - using env:	export GIN_MODE=release
 - using code:	gin.SetMode(gin.ReleaseMode)

[GIN-debug] GET    /shipping-service/api/swagger/*any --> github.com/swaggo/gin-swagger.CustomWrapHandler.func1 (3 handlers)
[GIN-debug] GET    /shipping-service/api/    --> github.com/cdp-team3/shipping-address-service/app/handlers.HealthCheckHandler.HealthCheck-fm (3 handlers)
[GIN-debug] GET    /shipping-service/api/shippingaddress/:id --> github.com/cdp-team3/shipping-address-service/app/handlers.ShippingHandler.GetShippingAddress.func1 (3 handlers)
[GIN-debug] POST   /shipping-service/api/shippingaddress --> github.com/cdp-team3/shipping-address-service/app/handlers.ShippingHandler.AddNewShippingAddress.func1 (3 handlers)
[GIN-debug] PUT    /shipping-service/api/shippingaddress/:id --> github.com/cdp-team3/shipping-address-service/app/handlers.ShippingHandler.HandleUpdateShippingAddressByID.func1 (3 handlers)
[GIN-debug] DELETE /shipping-service/api/shippingaddress/:id --> github.com/cdp-team3/shipping-address-service/app/handlers.ShippingHandler.HandleDeleteShippingAddressById.func1 (3 handlers)
[GIN-debug] POST   /shipping-service/api/shippingaddress/existing/:id --> github.com/cdp-team3/shipping-address-service/app/handlers.ShippingHandler.HandleSetExistingShippingAddressToDefault.func1 (3 handlers)
[GIN-debug] [WARNING] You trusted all proxies, this is NOT safe. We recommend you to set a value.
Please check https://pkg.go.dev/github.com/gin-gonic/gin#readme-don-t-trust-all-proxies for details.
[GIN-debug] Listening and serving HTTP on :3003
POST - [202] ::1 HTTP/1.1 PostmanRuntime/7.29.0 /shipping-service/api/shippingaddress/existing/d3918386-b904-4975-aa0f-366ff409cf8c 2022-04-24T21:38:20+05:30 494.6251ms 
[GIN-debug] [WARNING] Running in "debug" mode. Switch to "release" mode in production.
 - using env:	export GIN_MODE=release
 - using code:	gin.SetMode(gin.ReleaseMode)

[GIN-debug] GET    /shipping-service/api/swagger/*any --> github.com/swaggo/gin-swagger.CustomWrapHandler.func1 (3 handlers)
[GIN-debug] GET    /shipping-service/api/    --> github.com/cdp-team3/shipping-address-service/app/handlers.HealthCheckHandler.HealthCheck-fm (3 handlers)
[GIN-debug] GET    /shipping-service/api/shippingaddress/:id --> github.com/cdp-team3/shipping-address-service/app/handlers.ShippingHandler.GetShippingAddress.func1 (3 handlers)
[GIN-debug] POST   /shipping-service/api/shippingaddress --> github.com/cdp-team3/shipping-address-service/app/handlers.ShippingHandler.AddNewShippingAddress.func1 (3 handlers)
[GIN-debug] PUT    /shipping-service/api/shippingaddress/:id --> github.com/cdp-team3/shipping-address-service/app/handlers.ShippingHandler.HandleUpdateShippingAddressByID.func1 (3 handlers)
[GIN-debug] DELETE /shipping-service/api/shippingaddress/:id --> github.com/cdp-team3/shipping-address-service/app/handlers.ShippingHandler.HandleDeleteShippingAddressById.func1 (3 handlers)
[GIN-debug] POST   /shipping-service/api/shippingaddress/existing/:id --> github.com/cdp-team3/shipping-address-service/app/handlers.ShippingHandler.HandleSetExistingShippingAddressToDefault.func1 (3 handlers)
[GIN-debug] [WARNING] You trusted all proxies, this is NOT safe. We recommend you to set a value.
Please check https://pkg.go.dev/github.com/gin-gonic/gin#readme-don-t-trust-all-proxies for details.
[GIN-debug] Listening and serving HTTP on :3003
POST - [202] ::1 HTTP/1.1 PostmanRuntime/7.29.0 /shipping-service/api/shippingaddress/existing/d3918386-b904-4975-aa0f-366ff409cf8c 2022-04-24T21:49:12+05:30 550.5663ms 
POST - [200] ::1 HTTP/1.1 PostmanRuntime/7.29.0 /shipping-service/api/shippingaddress 2022-04-24T21:49:35+05:30 276.4908ms 
POST - [202] ::1 HTTP/1.1 PostmanRuntime/7.29.0 /shipping-service/api/shippingaddress/existing/8ef847cc-fdad-4941-a70c-f4c1967a7814 2022-04-24T21:49:51+05:30 490.1929ms 
[GIN-debug] [WARNING] Running in "debug" mode. Switch to "release" mode in production.
 - using env:	export GIN_MODE=release
 - using code:	gin.SetMode(gin.ReleaseMode)

[GIN-debug] GET    /shipping-service/api/swagger/*any --> github.com/swaggo/gin-swagger.CustomWrapHandler.func1 (3 handlers)
[GIN-debug] GET    /shipping-service/api/    --> github.com/cdp-team3/shipping-address-service/app/handlers.HealthCheckHandler.HealthCheck-fm (3 handlers)
[GIN-debug] GET    /shipping-service/api/shippingaddress/:id --> github.com/cdp-team3/shipping-address-service/app/handlers.ShippingHandler.GetShippingAddress.func1 (3 handlers)
[GIN-debug] POST   /shipping-service/api/shippingaddress --> github.com/cdp-team3/shipping-address-service/app/handlers.ShippingHandler.AddNewShippingAddress.func1 (3 handlers)
[GIN-debug] PUT    /shipping-service/api/shippingaddress/:id --> github.com/cdp-team3/shipping-address-service/app/handlers.ShippingHandler.HandleUpdateShippingAddressByID.func1 (3 handlers)
[GIN-debug] DELETE /shipping-service/api/shippingaddress/:id --> github.com/cdp-team3/shipping-address-service/app/handlers.ShippingHandler.HandleDeleteShippingAddressById.func1 (3 handlers)
[GIN-debug] POST   /shipping-service/api/shippingaddress/existing/:id --> github.com/cdp-team3/shipping-address-service/app/handlers.ShippingHandler.HandleSetExistingShippingAddressToDefault.func1 (3 handlers)
[GIN-debug] [WARNING] You trusted all proxies, this is NOT safe. We recommend you to set a value.
Please check https://pkg.go.dev/github.com/gin-gonic/gin#readme-don-t-trust-all-proxies for details.
[GIN-debug] Listening and serving HTTP on :3003
DELETE - [202] ::1 HTTP/1.1 PostmanRuntime/7.29.0 /shipping-service/api/shippingaddress/8ef847cc-fdad-4941-a70c-f4c1967a7814 2022-04-24T21:51:42+05:30 248.0918ms 
POST - [200] ::1 HTTP/1.1 PostmanRuntime/7.29.0 /shipping-service/api/shippingaddress 2022-04-24T21:51:56+05:30 262.5896ms 
GET - [200] ::1 HTTP/1.1 PostmanRuntime/7.29.0 /shipping-service/api/shippingaddress/1e61bf93-e9fc-4bcb-8fe1-a02e0cbeaf1a 2022-04-24T21:52:20+05:30 253.9917ms 
POST - [202] ::1 HTTP/1.1 PostmanRuntime/7.29.0 /shipping-service/api/shippingaddress/existing/1e61bf93-e9fc-4bcb-8fe1-a02e0cbeaf1a 2022-04-24T21:52:24+05:30 513.1474ms 
GET - [200] ::1 HTTP/1.1 PostmanRuntime/7.29.0 /shipping-service/api/shippingaddress/1e61bf93-e9fc-4bcb-8fe1-a02e0cbeaf1a 2022-04-24T21:52:27+05:30 404.109ms 
POST - [400] ::1 HTTP/1.1 PostmanRuntime/7.29.0 /shipping-service/api/shippingaddress/existing/1e61bf93-e9fc-4bcb-8fe1-a02e0cbeaf1a 2022-04-24T21:52:29+05:30 241.337ms 
GET - [200] ::1 HTTP/1.1 PostmanRuntime/7.29.0 /shipping-service/api/shippingaddress/1e61bf93-e9fc-4bcb-8fe1-a02e0cbeaf1a 2022-04-24T21:52:33+05:30 244.177ms 
[GIN-debug] [WARNING] Running in "debug" mode. Switch to "release" mode in production.
 - using env:	export GIN_MODE=release
 - using code:	gin.SetMode(gin.ReleaseMode)

[GIN-debug] GET    /shipping-service/api/swagger/*any --> github.com/swaggo/gin-swagger.CustomWrapHandler.func1 (3 handlers)
[GIN-debug] GET    /shipping-service/api/    --> github.com/cdp-team3/shipping-address-service/app/handlers.HealthCheckHandler.HealthCheck-fm (3 handlers)
[GIN-debug] GET    /shipping-service/api/shippingaddress/:id --> github.com/cdp-team3/shipping-address-service/app/handlers.ShippingHandler.GetShippingAddress.func1 (3 handlers)
[GIN-debug] POST   /shipping-service/api/shippingaddress --> github.com/cdp-team3/shipping-address-service/app/handlers.ShippingHandler.AddNewShippingAddress.func1 (3 handlers)
[GIN-debug] PUT    /shipping-service/api/shippingaddress/:id --> github.com/cdp-team3/shipping-address-service/app/handlers.ShippingHandler.HandleUpdateShippingAddressByID.func1 (3 handlers)
[GIN-debug] DELETE /shipping-service/api/shippingaddress/:id --> github.com/cdp-team3/shipping-address-service/app/handlers.ShippingHandler.HandleDeleteShippingAddressById.func1 (3 handlers)
[GIN-debug] GET    /shipping-service/api/shippingaddress/existing/:userId --> github.com/cdp-team3/shipping-address-service/app/handlers.ShippingHandler.GetDefaultShippingAddressOfUser.func1 (3 handlers)
[GIN-debug] POST   /shipping-service/api/shippingaddress/existing/:id --> github.com/cdp-team3/shipping-address-service/app/handlers.ShippingHandler.HandleSetExistingShippingAddressToDefault.func1 (3 handlers)
[GIN-debug] [WARNING] You trusted all proxies, this is NOT safe. We recommend you to set a value.
Please check https://pkg.go.dev/github.com/gin-gonic/gin#readme-don-t-trust-all-proxies for details.
[GIN-debug] Listening and serving HTTP on :3003
GET - [400] ::1 HTTP/1.1 PostmanRuntime/7.29.0 /shipping-service/api/shippingaddress/existing/1 2022-04-24T22:09:05+05:30 299.5511ms 
[GIN-debug] [WARNING] Running in "debug" mode. Switch to "release" mode in production.
 - using env:	export GIN_MODE=release
 - using code:	gin.SetMode(gin.ReleaseMode)

[GIN-debug] GET    /shipping-service/api/swagger/*any --> github.com/swaggo/gin-swagger.CustomWrapHandler.func1 (3 handlers)
[GIN-debug] GET    /shipping-service/api/    --> github.com/cdp-team3/shipping-address-service/app/handlers.HealthCheckHandler.HealthCheck-fm (3 handlers)
[GIN-debug] GET    /shipping-service/api/shippingaddress/:id --> github.com/cdp-team3/shipping-address-service/app/handlers.ShippingHandler.GetShippingAddress.func1 (3 handlers)
[GIN-debug] POST   /shipping-service/api/shippingaddress --> github.com/cdp-team3/shipping-address-service/app/handlers.ShippingHandler.AddNewShippingAddress.func1 (3 handlers)
[GIN-debug] PUT    /shipping-service/api/shippingaddress/:id --> github.com/cdp-team3/shipping-address-service/app/handlers.ShippingHandler.HandleUpdateShippingAddressByID.func1 (3 handlers)
[GIN-debug] DELETE /shipping-service/api/shippingaddress/:id --> github.com/cdp-team3/shipping-address-service/app/handlers.ShippingHandler.HandleDeleteShippingAddressById.func1 (3 handlers)
[GIN-debug] GET    /shipping-service/api/shippingaddress/existing/:userId --> github.com/cdp-team3/shipping-address-service/app/handlers.ShippingHandler.GetDefaultShippingAddressOfUser.func1 (3 handlers)
[GIN-debug] POST   /shipping-service/api/shippingaddress/existing/:id --> github.com/cdp-team3/shipping-address-service/app/handlers.ShippingHandler.HandleSetExistingShippingAddressToDefault.func1 (3 handlers)
[GIN-debug] [WARNING] You trusted all proxies, this is NOT safe. We recommend you to set a value.
Please check https://pkg.go.dev/github.com/gin-gonic/gin#readme-don-t-trust-all-proxies for details.
[GIN-debug] Listening and serving HTTP on :3003
GET - [202] ::1 HTTP/1.1 PostmanRuntime/7.29.0 /shipping-service/api/shippingaddress/existing/1 2022-04-24T22:13:45+05:30 307.9714ms 
[GIN-debug] [WARNING] Running in "debug" mode. Switch to "release" mode in production.
 - using env:	export GIN_MODE=release
 - using code:	gin.SetMode(gin.ReleaseMode)

[GIN-debug] GET    /shipping-service/api/swagger/*any --> github.com/swaggo/gin-swagger.CustomWrapHandler.func1 (3 handlers)
[GIN-debug] GET    /shipping-service/api/    --> github.com/cdp-team3/shipping-address-service/app/handlers.HealthCheckHandler.HealthCheck-fm (3 handlers)
[GIN-debug] GET    /shipping-service/api/shippingaddress/:id --> github.com/cdp-team3/shipping-address-service/app/handlers.ShippingHandler.GetShippingAddress.func1 (3 handlers)
[GIN-debug] POST   /shipping-service/api/shippingaddress --> github.com/cdp-team3/shipping-address-service/app/handlers.ShippingHandler.AddNewShippingAddress.func1 (3 handlers)
[GIN-debug] PUT    /shipping-service/api/shippingaddress/:id --> github.com/cdp-team3/shipping-address-service/app/handlers.ShippingHandler.HandleUpdateShippingAddressByID.func1 (3 handlers)
[GIN-debug] DELETE /shipping-service/api/shippingaddress/:id --> github.com/cdp-team3/shipping-address-service/app/handlers.ShippingHandler.HandleDeleteShippingAddressById.func1 (3 handlers)
[GIN-debug] GET    /shipping-service/api/shippingaddress/existing/:userId --> github.com/cdp-team3/shipping-address-service/app/handlers.ShippingHandler.GetDefaultShippingAddressOfUser.func1 (3 handlers)
[GIN-debug] POST   /shipping-service/api/shippingaddress/existing/:id --> github.com/cdp-team3/shipping-address-service/app/handlers.ShippingHandler.HandleSetExistingShippingAddressToDefault.func1 (3 handlers)
[GIN-debug] [WARNING] You trusted all proxies, this is NOT safe. We recommend you to set a value.
Please check https://pkg.go.dev/github.com/gin-gonic/gin#readme-don-t-trust-all-proxies for details.
[GIN-debug] Listening and serving HTTP on :3003
GET - [202] ::1 HTTP/1.1 PostmanRuntime/7.29.0 /shipping-service/api/shippingaddress/existing/1 2022-04-24T22:16:07+05:30 286.2446ms 
DELETE - [202] ::1 HTTP/1.1 PostmanRuntime/7.29.0 /shipping-service/api/shippingaddress/1e61bf93-e9fc-4bcb-8fe1-a02e0cbeaf1a 2022-04-24T22:16:25+05:30 255.087ms 
GET - [202] ::1 HTTP/1.1 PostmanRuntime/7.29.0 /shipping-service/api/shippingaddress/existing/1 2022-04-24T22:16:28+05:30 256.5936ms 
DELETE - [202] ::1 HTTP/1.1 PostmanRuntime/7.29.0 /shipping-service/api/shippingaddress/d3918386-b904-4975-aa0f-366ff409cf8c 2022-04-24T22:16:44+05:30 249.368ms 
GET - [400] ::1 HTTP/1.1 PostmanRuntime/7.29.0 /shipping-service/api/shippingaddress/existing/1 2022-04-24T22:16:46+05:30 260.0493ms 
POST - [200] ::1 HTTP/1.1 PostmanRuntime/7.29.0 /shipping-service/api/shippingaddress 2022-04-24T22:18:21+05:30 1.0411558s 
GET - [200] ::1 HTTP/1.1 PostmanRuntime/7.29.0 /shipping-service/api/shippingaddress/67069b37-f819-415c-8a4f-7d9ed62bf890 2022-04-24T22:18:41+05:30 710.4178ms 
POST - [202] ::1 HTTP/1.1 PostmanRuntime/7.29.0 /shipping-service/api/shippingaddress/existing/67069b37-f819-415c-8a4f-7d9ed62bf890 2022-04-24T22:19:03+05:30 470.3725ms 
GET - [202] ::1 HTTP/1.1 PostmanRuntime/7.29.0 /shipping-service/api/shippingaddress/existing/1 2022-04-24T22:19:10+05:30 253.465ms 
POST - [400] ::1 HTTP/1.1 PostmanRuntime/7.29.0 /shipping-service/api/shippingaddress/existing/67069b37-f819-415c-8a4f-7d9ed62bf890 2022-04-24T22:19:19+05:30 237.7415ms 
[GIN-debug] [WARNING] Running in "debug" mode. Switch to "release" mode in production.
 - using env:	export GIN_MODE=release
 - using code:	gin.SetMode(gin.ReleaseMode)

[GIN-debug] GET    /shipping-service/api/swagger/*any --> github.com/swaggo/gin-swagger.CustomWrapHandler.func1 (3 handlers)
[GIN-debug] GET    /shipping-service/api/    --> github.com/cdp-team3/shipping-address-service/app/handlers.HealthCheckHandler.HealthCheck-fm (3 handlers)
[GIN-debug] GET    /shipping-service/api/shippingaddress/:id --> github.com/cdp-team3/shipping-address-service/app/handlers.ShippingHandler.GetShippingAddress.func1 (3 handlers)
[GIN-debug] POST   /shipping-service/api/shippingaddress --> github.com/cdp-team3/shipping-address-service/app/handlers.ShippingHandler.AddNewShippingAddress.func1 (3 handlers)
[GIN-debug] PUT    /shipping-service/api/shippingaddress/:id --> github.com/cdp-team3/shipping-address-service/app/handlers.ShippingHandler.HandleUpdateShippingAddressByID.func1 (3 handlers)
[GIN-debug] DELETE /shipping-service/api/shippingaddress/:id --> github.com/cdp-team3/shipping-address-service/app/handlers.ShippingHandler.HandleDeleteShippingAddressById.func1 (3 handlers)
[GIN-debug] GET    /shipping-service/api/shippingaddress/existing/:userId --> github.com/cdp-team3/shipping-address-service/app/handlers.ShippingHandler.GetDefaultShippingAddressOfUser.func1 (3 handlers)
[GIN-debug] POST   /shipping-service/api/shippingaddress/existing/:id --> github.com/cdp-team3/shipping-address-service/app/handlers.ShippingHandler.HandleSetExistingShippingAddressToDefault.func1 (3 handlers)
[GIN-debug] [WARNING] You trusted all proxies, this is NOT safe. We recommend you to set a value.
Please check https://pkg.go.dev/github.com/gin-gonic/gin#readme-don-t-trust-all-proxies for details.
[GIN-debug] Listening and serving HTTP on :3003
[GIN-debug] [WARNING] Running in "debug" mode. Switch to "release" mode in production.
 - using env:	export GIN_MODE=release
 - using code:	gin.SetMode(gin.ReleaseMode)

[GIN-debug] GET    /shipping-service/api/swagger/*any --> github.com/swaggo/gin-swagger.CustomWrapHandler.func1 (3 handlers)
[GIN-debug] GET    /shipping-service/api/    --> github.com/cdp-team3/shipping-address-service/app/handlers.HealthCheckHandler.HealthCheck-fm (3 handlers)
[GIN-debug] GET    /shipping-service/api/shippingaddress/:id --> github.com/cdp-team3/shipping-address-service/app/handlers.ShippingHandler.GetShippingAddress.func1 (3 handlers)
[GIN-debug] POST   /shipping-service/api/shippingaddress --> github.com/cdp-team3/shipping-address-service/app/handlers.ShippingHandler.AddNewShippingAddress.func1 (3 handlers)
[GIN-debug] PUT    /shipping-service/api/shippingaddress/:id --> github.com/cdp-team3/shipping-address-service/app/handlers.ShippingHandler.HandleUpdateShippingAddressByID.func1 (3 handlers)
[GIN-debug] DELETE /shipping-service/api/shippingaddress/:id --> github.com/cdp-team3/shipping-address-service/app/handlers.ShippingHandler.HandleDeleteShippingAddressById.func1 (3 handlers)
[GIN-debug] GET    /shipping-service/api/shippingaddress/existing/:userId --> github.com/cdp-team3/shipping-address-service/app/handlers.ShippingHandler.GetDefaultShippingAddressOfUser.func1 (3 handlers)
[GIN-debug] POST   /shipping-service/api/shippingaddress/existing/:id --> github.com/cdp-team3/shipping-address-service/app/handlers.ShippingHandler.HandleSetExistingShippingAddressToDefault.func1 (3 handlers)
[GIN-debug] [WARNING] You trusted all proxies, this is NOT safe. We recommend you to set a value.
Please check https://pkg.go.dev/github.com/gin-gonic/gin#readme-don-t-trust-all-proxies for details.
[GIN-debug] Listening and serving HTTP on :3003
